<?xml version="1.0" encoding="UTF-8"?>
<testsuite name="com.elevaktor.EventStoreTest" tests="1" skipped="0" failures="0" errors="0" timestamp="2024-03-20T19:10:34" hostname="Pims-MacBook-Pro.local" time="66.311">
  <properties/>
  <testcase name="Can store and retrieve events" classname="com.elevaktor.EventStoreTest" time="66.311"/>
  <system-out><![CDATA[2024-03-20 20:10:34.288 [Test worker]  DEBUG o.t.u.TestcontainersConfiguration - Testcontainers configuration overrides will be loaded from file:/Users/pim/.testcontainers.properties
2024-03-20 20:10:34.296 [Test worker]  INFO  o.testcontainers.images.PullPolicy - Image pull policy will be performed by: DefaultPullPolicy()
2024-03-20 20:10:34.298 [Test worker]  INFO  o.t.utility.ImageNameSubstitutor - Image name substitution will be performed by: DefaultImageNameSubstitutor (composite of 'ConfigurationFileImageNameSubstitutor' and 'PrefixingImageNameSubstitutor')
2024-03-20 20:10:34.405 [Test worker]  DEBUG o.t.d.DockerClientProviderStrategy - Trying out strategy: TestcontainersHostPropertyClientProviderStrategy
2024-03-20 20:10:34.469 [Test worker]  DEBUG o.t.s.c.g.d.c.command.AbstrDockerCmd - Cmd: 
2024-03-20 20:10:34.484 [Test worker]  DEBUG c.g.d.z.s.o.a.h.c.h.i.c.InternalHttpClient - ex-00000001: preparing request execution
2024-03-20 20:10:34.486 [Test worker]  DEBUG c.g.d.z.s.o.a.h.c.h.p.RequestAddCookies - Cookie spec selected: strict
2024-03-20 20:10:34.488 [Test worker]  DEBUG c.g.d.z.s.o.a.h.c.h.p.RequestAuthCache - Auth cache not set in the context
2024-03-20 20:10:34.488 [Test worker]  DEBUG c.g.d.z.s.o.a.h.c.h.i.c.ProtocolExec - ex-00000001: target auth state: UNCHALLENGED
2024-03-20 20:10:34.488 [Test worker]  DEBUG c.g.d.z.s.o.a.h.c.h.i.c.ProtocolExec - ex-00000001: proxy auth state: UNCHALLENGED
2024-03-20 20:10:34.488 [Test worker]  DEBUG c.g.d.z.s.o.a.h.c.h.i.c.ConnectExec - ex-00000001: acquiring connection with route {}->http://127.0.0.1:62197
2024-03-20 20:10:34.488 [Test worker]  DEBUG c.g.d.z.s.o.a.h.c.h.i.c.InternalHttpClient - ex-00000001: acquiring endpoint (3 MINUTES)
2024-03-20 20:10:34.489 [Test worker]  DEBUG c.g.d.z.s.o.a.h.c.h.i.i.PoolingHttpClientConnectionManager - ex-00000001: endpoint lease request (3 MINUTES) [route: {}->http://127.0.0.1:62197][total available: 0; route allocated: 0 of 2147483647; total allocated: 0 of 2147483647]
2024-03-20 20:10:34.490 [Test worker]  DEBUG c.g.d.z.s.o.a.h.c.h.i.i.PoolingHttpClientConnectionManager - ex-00000001: endpoint leased [route: {}->http://127.0.0.1:62197][total available: 0; route allocated: 1 of 2147483647; total allocated: 1 of 2147483647]
2024-03-20 20:10:34.494 [Test worker]  DEBUG c.g.d.z.s.o.a.h.c.h.i.i.PoolingHttpClientConnectionManager - ex-00000001: acquired ep-00000000
2024-03-20 20:10:34.494 [Test worker]  DEBUG c.g.d.z.s.o.a.h.c.h.i.c.InternalHttpClient - ex-00000001: acquired endpoint ep-00000000
2024-03-20 20:10:34.494 [Test worker]  DEBUG c.g.d.z.s.o.a.h.c.h.i.c.ConnectExec - ex-00000001: opening connection {}->http://127.0.0.1:62197
2024-03-20 20:10:34.494 [Test worker]  DEBUG c.g.d.z.s.o.a.h.c.h.i.c.InternalHttpClient - ep-00000000: connecting endpoint (3 MINUTES)
2024-03-20 20:10:34.495 [Test worker]  DEBUG c.g.d.z.s.o.a.h.c.h.i.i.PoolingHttpClientConnectionManager - ep-00000000: connecting endpoint to http://127.0.0.1:62197 (3 MINUTES)
2024-03-20 20:10:34.495 [Test worker]  DEBUG c.g.d.z.s.o.a.h.c.h.i.i.DefaultHttpClientConnectionOperator - http-outgoing-0: connecting to /127.0.0.1:62197
2024-03-20 20:10:34.496 [Test worker]  DEBUG c.g.d.z.s.o.a.h.c.h.i.i.DefaultHttpClientConnectionOperator - http-outgoing-0: connection established 127.0.0.1:49697<->127.0.0.1:62197
2024-03-20 20:10:34.497 [Test worker]  DEBUG c.g.d.z.s.o.a.h.c.h.i.i.PoolingHttpClientConnectionManager - ep-00000000: connected http-outgoing-0
2024-03-20 20:10:34.497 [Test worker]  DEBUG c.g.d.z.s.o.a.h.c.h.i.c.InternalHttpClient - ep-00000000: endpoint connected
2024-03-20 20:10:34.497 [Test worker]  DEBUG c.g.d.z.s.o.a.h.c.h.i.c.MainClientExec - ex-00000001: executing GET /v1.32/info HTTP/1.1
2024-03-20 20:10:34.497 [Test worker]  DEBUG c.g.d.z.s.o.a.h.c.h.i.c.InternalHttpClient - ep-00000000: start execution ex-00000001
2024-03-20 20:10:34.497 [Test worker]  DEBUG c.g.d.z.s.o.a.h.c.h.i.i.PoolingHttpClientConnectionManager - ep-00000000: executing exchange ex-00000001 over http-outgoing-0
2024-03-20 20:10:34.498 [Test worker]  DEBUG c.g.d.z.s.o.a.h.client5.http.headers - http-outgoing-0 >> GET /v1.32/info HTTP/1.1
2024-03-20 20:10:34.498 [Test worker]  DEBUG c.g.d.z.s.o.a.h.client5.http.headers - http-outgoing-0 >> x-tc-sid: f9061f9f-f631-469c-a1b7-e8c8c32eacbb
2024-03-20 20:10:34.498 [Test worker]  DEBUG c.g.d.z.s.o.a.h.client5.http.headers - http-outgoing-0 >> User-Agent: tc-java/1.19.7
2024-03-20 20:10:34.498 [Test worker]  DEBUG c.g.d.z.s.o.a.h.client5.http.headers - http-outgoing-0 >> Accept-Encoding: gzip, x-gzip, deflate
2024-03-20 20:10:34.498 [Test worker]  DEBUG c.g.d.z.s.o.a.h.client5.http.headers - http-outgoing-0 >> Host: 127.0.0.1:62197
2024-03-20 20:10:34.498 [Test worker]  DEBUG c.g.d.z.s.o.a.h.client5.http.headers - http-outgoing-0 >> Connection: keep-alive
2024-03-20 20:10:34.498 [Test worker]  DEBUG c.g.d.z.s.o.a.hc.client5.http.wire - http-outgoing-0 >> "GET /v1.32/info HTTP/1.1[\r][\n]"
2024-03-20 20:10:34.498 [Test worker]  DEBUG c.g.d.z.s.o.a.hc.client5.http.wire - http-outgoing-0 >> "x-tc-sid: f9061f9f-f631-469c-a1b7-e8c8c32eacbb[\r][\n]"
2024-03-20 20:10:34.498 [Test worker]  DEBUG c.g.d.z.s.o.a.hc.client5.http.wire - http-outgoing-0 >> "User-Agent: tc-java/1.19.7[\r][\n]"
2024-03-20 20:10:34.498 [Test worker]  DEBUG c.g.d.z.s.o.a.hc.client5.http.wire - http-outgoing-0 >> "Accept-Encoding: gzip, x-gzip, deflate[\r][\n]"
2024-03-20 20:10:34.498 [Test worker]  DEBUG c.g.d.z.s.o.a.hc.client5.http.wire - http-outgoing-0 >> "Host: 127.0.0.1:62197[\r][\n]"
2024-03-20 20:10:34.498 [Test worker]  DEBUG c.g.d.z.s.o.a.hc.client5.http.wire - http-outgoing-0 >> "Connection: keep-alive[\r][\n]"
2024-03-20 20:10:34.498 [Test worker]  DEBUG c.g.d.z.s.o.a.hc.client5.http.wire - http-outgoing-0 >> "[\r][\n]"
2024-03-20 20:10:36.419 [Test worker]  DEBUG c.g.d.z.s.o.a.hc.client5.http.wire - http-outgoing-0 << "HTTP/1.1 200 OK[\r][\n]"
2024-03-20 20:10:36.420 [Test worker]  DEBUG c.g.d.z.s.o.a.hc.client5.http.wire - http-outgoing-0 << "Api-Version: 1.44[\r][\n]"
2024-03-20 20:10:36.420 [Test worker]  DEBUG c.g.d.z.s.o.a.hc.client5.http.wire - http-outgoing-0 << "Content-Length: 2255[\r][\n]"
2024-03-20 20:10:36.420 [Test worker]  DEBUG c.g.d.z.s.o.a.hc.client5.http.wire - http-outgoing-0 << "Content-Type: application/json[\r][\n]"
2024-03-20 20:10:36.420 [Test worker]  DEBUG c.g.d.z.s.o.a.hc.client5.http.wire - http-outgoing-0 << "Date: Wed, 20 Mar 2024 19:10:36 GMT[\r][\n]"
2024-03-20 20:10:36.420 [Test worker]  DEBUG c.g.d.z.s.o.a.hc.client5.http.wire - http-outgoing-0 << "Docker-Experimental: false[\r][\n]"
2024-03-20 20:10:36.420 [Test worker]  DEBUG c.g.d.z.s.o.a.hc.client5.http.wire - http-outgoing-0 << "Ostype: linux[\r][\n]"
2024-03-20 20:10:36.420 [Test worker]  DEBUG c.g.d.z.s.o.a.hc.client5.http.wire - http-outgoing-0 << "Server: Docker/80+testcontainerscloud (linux)[\r][\n]"
2024-03-20 20:10:36.421 [Test worker]  DEBUG c.g.d.z.s.o.a.hc.client5.http.wire - http-outgoing-0 << "[\r][\n]"
2024-03-20 20:10:36.421 [Test worker]  DEBUG c.g.d.z.s.o.a.hc.client5.http.wire - http-outgoing-0 << "{"ID":"7bb82576-1314-48f9-b71f-59e54dba1269","Containers":0,"ContainersRunning":0,"ContainersPaused":0,"ContainersStopped":0,"Images":10,"Driver":"overlay2","DriverStatus":[["Backing Filesystem","extfs"],["Supports d_type","true"],["Using metacopy","false"],["Native Overlay Diff","true"],["userxattr","false"]],"Plugins":{"Volume":["local"],"Network":["bridge","host","ipvlan","macvlan","null","overlay"],"Authorization":null,"Log":["awslogs","fluentd","gcplogs","gelf","journald","json-file","local","splunk","syslog"]},"MemoryLimit":true,"SwapLimit":true,"KernelMemory":true,"KernelMemoryTCP":true,"CpuCfsPeriod":true,"CpuCfsQuota":true,"CPUShares":true,"CPUSet":true,"PidsLimit":true,"IPv4Forwarding":true,"BridgeNfIptables":true,"BridgeNfIp6tables":true,"Debug":false,"NFd":26,"OomKillDisable":true,"NGoroutines":48,"SystemTime":"2024-03-20T19:10:36.436825924Z","LoggingDriver":"json-file","CgroupDriver":"cgroupfs","CgroupVersion":"1","NEventsListener":1,"KernelVersion":"5.10.186","OperatingSystem":"Ubuntu 20.04 LTS","OSVersion":"20.04","OSType":"linux","Architecture":"x86_64","IndexServerAddress":"https://index.docker.io/v1/","RegistryConfig":{"AllowNondistributableArtifactsCIDRs":null,"AllowNondistributableArtifactsHostnames":null,"InsecureRegistryCIDRs":["127.0.0.0/8"],"IndexConfigs":{"docker.io":{"Name":"docker.io","Mirrors":[],"Secure":true,"Official":true}},"Mirrors":null},"NCPU":4,"MemTotal":7767732224,"GenericResources":null,"DockerRootDir":"/var/lib/docker","HttpProxy":"","HttpsProxy":"","NoProxy":"","Name":"71547e0488fe","Labels":[],"ExperimentalBuild":false,"ServerVersion":"80+testcontainerscloud (via Testcontainers Desktop 1.9.0)","Runtimes":{"io.containerd.runc.v2":{"path":"runc"},"runc":{"path":"runc"}},"DefaultRuntime":"runc","Swarm":{"NodeID":"","NodeAddr":"","LocalNodeState":"inactive","ControlAvailable":false,"Error":"","RemoteManagers":null},"LiveRestoreEnabled":false,"Isolation":"","InitBinary":"docker-init","ContainerdCommit":{"ID":"1677a17964311325ed1c31e2c0a3589ce6d5c30d","Expected":"1677a17964311325ed1c31e2c0a3589ce6d5c30d"},"RuncCommit":{"ID":"v1.1.7-0-g860f061b","Expected":"v1.1.7-0-g860f061b"},"InitCommit":{"ID":"","Expected":""},"SecurityOptions":["name=seccomp,profile=builtin"],"Warnings":null}[\n]"
2024-03-20 20:10:36.426 [Test worker]  DEBUG c.g.d.z.s.o.a.h.client5.http.headers - http-outgoing-0 << HTTP/1.1 200 OK
2024-03-20 20:10:36.430 [Test worker]  DEBUG c.g.d.z.s.o.a.h.client5.http.headers - http-outgoing-0 << Api-Version: 1.44
2024-03-20 20:10:36.430 [Test worker]  DEBUG c.g.d.z.s.o.a.h.client5.http.headers - http-outgoing-0 << Content-Length: 2255
2024-03-20 20:10:36.430 [Test worker]  DEBUG c.g.d.z.s.o.a.h.client5.http.headers - http-outgoing-0 << Content-Type: application/json
2024-03-20 20:10:36.430 [Test worker]  DEBUG c.g.d.z.s.o.a.h.client5.http.headers - http-outgoing-0 << Date: Wed, 20 Mar 2024 19:10:36 GMT
2024-03-20 20:10:36.430 [Test worker]  DEBUG c.g.d.z.s.o.a.h.client5.http.headers - http-outgoing-0 << Docker-Experimental: false
2024-03-20 20:10:36.430 [Test worker]  DEBUG c.g.d.z.s.o.a.h.client5.http.headers - http-outgoing-0 << Ostype: linux
2024-03-20 20:10:36.430 [Test worker]  DEBUG c.g.d.z.s.o.a.h.client5.http.headers - http-outgoing-0 << Server: Docker/80+testcontainerscloud (linux)
2024-03-20 20:10:36.435 [Test worker]  DEBUG c.g.d.z.s.o.a.h.c.h.i.c.MainClientExec - ex-00000001: connection can be kept alive for 3 MINUTES
2024-03-20 20:10:36.491 [Test worker]  DEBUG c.g.d.z.s.o.a.h.c.h.i.c.InternalHttpClient - ep-00000000: releasing valid endpoint
2024-03-20 20:10:36.491 [Test worker]  DEBUG c.g.d.z.s.o.a.h.c.h.i.i.PoolingHttpClientConnectionManager - ep-00000000: releasing endpoint
2024-03-20 20:10:36.491 [Test worker]  DEBUG c.g.d.z.s.o.a.h.c.h.i.i.PoolingHttpClientConnectionManager - ep-00000000: connection http-outgoing-0 can be kept alive for 3 MINUTES
2024-03-20 20:10:36.491 [Test worker]  DEBUG c.g.d.z.s.o.a.h.c.h.i.i.PoolingHttpClientConnectionManager - ep-00000000: connection released [route: {}->http://127.0.0.1:62197][total available: 1; route allocated: 1 of 2147483647; total allocated: 1 of 2147483647]
2024-03-20 20:10:36.491 [Test worker]  INFO  o.t.d.DockerClientProviderStrategy - Found Docker environment with Testcontainers Host with tc.host=tcp://127.0.0.1:62197
2024-03-20 20:10:36.491 [Test worker]  DEBUG o.t.d.DockerClientProviderStrategy - Transport type: 'httpclient5', Docker host: 'tcp://127.0.0.1:62197'
2024-03-20 20:10:36.492 [Test worker]  DEBUG o.t.d.DockerClientProviderStrategy - Checking Docker OS type for Testcontainers Host with tc.host=tcp://127.0.0.1:62197
2024-03-20 20:10:36.492 [Test worker]  INFO  o.testcontainers.DockerClientFactory - Docker host IP address is 127.0.0.1
2024-03-20 20:10:36.492 [Test worker]  DEBUG o.testcontainers.DockerClientFactory - Docker info: {NGoroutines=48, Name=71547e0488fe, Swarm={NodeID=, NodeAddr=, LocalNodeState=inactive, ControlAvailable=false, Error=, RemoteManagers=null}, RuncCommit={ID=v1.1.7-0-g860f061b, Expected=v1.1.7-0-g860f061b}, OSVersion=20.04, Runtimes={io.containerd.runc.v2={path=runc}, runc={path=runc}}, ID=7bb82576-1314-48f9-b71f-59e54dba1269, DriverStatus=[[Backing Filesystem, extfs], [Supports d_type, true], [Using metacopy, false], [Native Overlay Diff, true], [userxattr, false]], BridgeNfIptables=true, LiveRestoreEnabled=false, SystemTime=2024-03-20T19:10:36.436825924Z, NoProxy=, Architecture=x86_64, NEventsListener=1, HttpsProxy=, Images=10, ContainersRunning=0, Labels=[], InitCommit={ID=, Expected=}, NFd=26, KernelVersion=5.10.186, LoggingDriver=json-file, OSType=linux, SecurityOptions=[name=seccomp,profile=builtin], ContainerdCommit={ID=1677a17964311325ed1c31e2c0a3589ce6d5c30d, Expected=1677a17964311325ed1c31e2c0a3589ce6d5c30d}, GenericResources=null, KernelMemory=true, OperatingSystem=Ubuntu 20.04 LTS, RegistryConfig={AllowNondistributableArtifactsCIDRs=null, AllowNondistributableArtifactsHostnames=null, InsecureRegistryCIDRs=[127.0.0.0/8], IndexConfigs={docker.io={Name=docker.io, Mirrors=[], Secure=true, Official=true}}, Mirrors=null}, ServerVersion=80+testcontainerscloud (via Testcontainers Desktop 1.9.0), OomKillDisable=true, CpuCfsQuota=true, Containers=0, Driver=overlay2, KernelMemoryTCP=true, IPv4Forwarding=true, ExperimentalBuild=false, DockerRootDir=/var/lib/docker, CPUSet=true, CpuCfsPeriod=true, DefaultRuntime=runc, CPUShares=true, Debug=false, NCPU=4, Plugins={Volume=[local], Network=[bridge, host, ipvlan, macvlan, null, overlay], Authorization=null, Log=[awslogs, fluentd, gcplogs, gelf, journald, json-file, local, splunk, syslog]}, SwapLimit=true, CgroupDriver=cgroupfs, ContainersPaused=0, MemTotal=7767732224, IndexServerAddress=https://index.docker.io/v1/, MemoryLimit=true, HttpProxy=, InitBinary=docker-init, CgroupVersion=1, PidsLimit=true, Isolation=, BridgeNfIp6tables=true, Warnings=null, ContainersStopped=0}
2024-03-20 20:10:36.493 [Test worker]  DEBUG o.t.s.c.g.d.c.command.AbstrDockerCmd - Cmd: 
2024-03-20 20:10:36.493 [Test worker]  TRACE o.t.s.c.g.d.core.exec.VersionCmdExec - GET: DefaultWebTarget{path=[/version], queryParams={}}
2024-03-20 20:10:36.494 [Test worker]  DEBUG c.g.d.z.s.o.a.h.c.h.i.c.InternalHttpClient - ex-00000002: preparing request execution
2024-03-20 20:10:36.494 [Test worker]  DEBUG c.g.d.z.s.o.a.h.c.h.p.RequestAddCookies - Cookie spec selected: strict
2024-03-20 20:10:36.494 [Test worker]  DEBUG c.g.d.z.s.o.a.h.c.h.p.RequestAuthCache - Auth cache not set in the context
2024-03-20 20:10:36.494 [Test worker]  DEBUG c.g.d.z.s.o.a.h.c.h.i.c.ProtocolExec - ex-00000002: target auth state: UNCHALLENGED
2024-03-20 20:10:36.494 [Test worker]  DEBUG c.g.d.z.s.o.a.h.c.h.i.c.ProtocolExec - ex-00000002: proxy auth state: UNCHALLENGED
2024-03-20 20:10:36.495 [Test worker]  DEBUG c.g.d.z.s.o.a.h.c.h.i.c.ConnectExec - ex-00000002: acquiring connection with route {}->http://127.0.0.1:62197
2024-03-20 20:10:36.495 [Test worker]  DEBUG c.g.d.z.s.o.a.h.c.h.i.c.InternalHttpClient - ex-00000002: acquiring endpoint (3 MINUTES)
2024-03-20 20:10:36.495 [Test worker]  DEBUG c.g.d.z.s.o.a.h.c.h.i.i.PoolingHttpClientConnectionManager - ex-00000002: endpoint lease request (3 MINUTES) [route: {}->http://127.0.0.1:62197][total available: 1; route allocated: 1 of 2147483647; total allocated: 1 of 2147483647]
2024-03-20 20:10:36.495 [Test worker]  DEBUG c.g.d.z.s.o.a.h.c.h.i.i.PoolingHttpClientConnectionManager - ex-00000002: endpoint leased [route: {}->http://127.0.0.1:62197][total available: 0; route allocated: 1 of 2147483647; total allocated: 1 of 2147483647]
2024-03-20 20:10:36.495 [Test worker]  DEBUG c.g.d.z.s.o.a.h.c.h.i.i.PoolingHttpClientConnectionManager - ex-00000002: acquired ep-00000001
2024-03-20 20:10:36.495 [Test worker]  DEBUG c.g.d.z.s.o.a.h.c.h.i.c.InternalHttpClient - ex-00000002: acquired endpoint ep-00000001
2024-03-20 20:10:36.495 [Test worker]  DEBUG c.g.d.z.s.o.a.h.c.h.i.c.MainClientExec - ex-00000002: executing GET /v1.32/version HTTP/1.1
2024-03-20 20:10:36.495 [Test worker]  DEBUG c.g.d.z.s.o.a.h.c.h.i.c.InternalHttpClient - ep-00000001: start execution ex-00000002
2024-03-20 20:10:36.495 [Test worker]  DEBUG c.g.d.z.s.o.a.h.c.h.i.i.PoolingHttpClientConnectionManager - ep-00000001: executing exchange ex-00000002 over http-outgoing-0
2024-03-20 20:10:36.495 [Test worker]  DEBUG c.g.d.z.s.o.a.h.client5.http.headers - http-outgoing-0 >> GET /v1.32/version HTTP/1.1
2024-03-20 20:10:36.495 [Test worker]  DEBUG c.g.d.z.s.o.a.h.client5.http.headers - http-outgoing-0 >> accept: application/json
2024-03-20 20:10:36.495 [Test worker]  DEBUG c.g.d.z.s.o.a.h.client5.http.headers - http-outgoing-0 >> x-tc-sid: f9061f9f-f631-469c-a1b7-e8c8c32eacbb
2024-03-20 20:10:36.495 [Test worker]  DEBUG c.g.d.z.s.o.a.h.client5.http.headers - http-outgoing-0 >> User-Agent: tc-java/1.19.7
2024-03-20 20:10:36.495 [Test worker]  DEBUG c.g.d.z.s.o.a.h.client5.http.headers - http-outgoing-0 >> Accept-Encoding: gzip, x-gzip, deflate
2024-03-20 20:10:36.496 [Test worker]  DEBUG c.g.d.z.s.o.a.h.client5.http.headers - http-outgoing-0 >> Host: 127.0.0.1:62197
2024-03-20 20:10:36.496 [Test worker]  DEBUG c.g.d.z.s.o.a.h.client5.http.headers - http-outgoing-0 >> Connection: keep-alive
2024-03-20 20:10:36.496 [Test worker]  DEBUG c.g.d.z.s.o.a.hc.client5.http.wire - http-outgoing-0 >> "GET /v1.32/version HTTP/1.1[\r][\n]"
2024-03-20 20:10:36.496 [Test worker]  DEBUG c.g.d.z.s.o.a.hc.client5.http.wire - http-outgoing-0 >> "accept: application/json[\r][\n]"
2024-03-20 20:10:36.496 [Test worker]  DEBUG c.g.d.z.s.o.a.hc.client5.http.wire - http-outgoing-0 >> "x-tc-sid: f9061f9f-f631-469c-a1b7-e8c8c32eacbb[\r][\n]"
2024-03-20 20:10:36.496 [Test worker]  DEBUG c.g.d.z.s.o.a.hc.client5.http.wire - http-outgoing-0 >> "User-Agent: tc-java/1.19.7[\r][\n]"
2024-03-20 20:10:36.496 [Test worker]  DEBUG c.g.d.z.s.o.a.hc.client5.http.wire - http-outgoing-0 >> "Accept-Encoding: gzip, x-gzip, deflate[\r][\n]"
2024-03-20 20:10:36.496 [Test worker]  DEBUG c.g.d.z.s.o.a.hc.client5.http.wire - http-outgoing-0 >> "Host: 127.0.0.1:62197[\r][\n]"
2024-03-20 20:10:36.496 [Test worker]  DEBUG c.g.d.z.s.o.a.hc.client5.http.wire - http-outgoing-0 >> "Connection: keep-alive[\r][\n]"
2024-03-20 20:10:36.496 [Test worker]  DEBUG c.g.d.z.s.o.a.hc.client5.http.wire - http-outgoing-0 >> "[\r][\n]"
2024-03-20 20:10:36.520 [Test worker]  DEBUG c.g.d.z.s.o.a.hc.client5.http.wire - http-outgoing-0 << "HTTP/1.1 200 OK[\r][\n]"
2024-03-20 20:10:36.520 [Test worker]  DEBUG c.g.d.z.s.o.a.hc.client5.http.wire - http-outgoing-0 << "Api-Version: 1.44[\r][\n]"
2024-03-20 20:10:36.520 [Test worker]  DEBUG c.g.d.z.s.o.a.hc.client5.http.wire - http-outgoing-0 << "Content-Length: 891[\r][\n]"
2024-03-20 20:10:36.520 [Test worker]  DEBUG c.g.d.z.s.o.a.hc.client5.http.wire - http-outgoing-0 << "Content-Type: application/json[\r][\n]"
2024-03-20 20:10:36.520 [Test worker]  DEBUG c.g.d.z.s.o.a.hc.client5.http.wire - http-outgoing-0 << "Date: Wed, 20 Mar 2024 19:10:36 GMT[\r][\n]"
2024-03-20 20:10:36.520 [Test worker]  DEBUG c.g.d.z.s.o.a.hc.client5.http.wire - http-outgoing-0 << "Docker-Experimental: false[\r][\n]"
2024-03-20 20:10:36.520 [Test worker]  DEBUG c.g.d.z.s.o.a.hc.client5.http.wire - http-outgoing-0 << "Ostype: linux[\r][\n]"
2024-03-20 20:10:36.520 [Test worker]  DEBUG c.g.d.z.s.o.a.hc.client5.http.wire - http-outgoing-0 << "Server: Docker/80+testcontainerscloud (linux)[\r][\n]"
2024-03-20 20:10:36.520 [Test worker]  DEBUG c.g.d.z.s.o.a.hc.client5.http.wire - http-outgoing-0 << "[\r][\n]"
2024-03-20 20:10:36.521 [Test worker]  DEBUG c.g.d.z.s.o.a.h.client5.http.headers - http-outgoing-0 << HTTP/1.1 200 OK
2024-03-20 20:10:36.521 [Test worker]  DEBUG c.g.d.z.s.o.a.h.client5.http.headers - http-outgoing-0 << Api-Version: 1.44
2024-03-20 20:10:36.521 [Test worker]  DEBUG c.g.d.z.s.o.a.h.client5.http.headers - http-outgoing-0 << Content-Length: 891
2024-03-20 20:10:36.521 [Test worker]  DEBUG c.g.d.z.s.o.a.h.client5.http.headers - http-outgoing-0 << Content-Type: application/json
2024-03-20 20:10:36.521 [Test worker]  DEBUG c.g.d.z.s.o.a.h.client5.http.headers - http-outgoing-0 << Date: Wed, 20 Mar 2024 19:10:36 GMT
2024-03-20 20:10:36.521 [Test worker]  DEBUG c.g.d.z.s.o.a.h.client5.http.headers - http-outgoing-0 << Docker-Experimental: false
2024-03-20 20:10:36.521 [Test worker]  DEBUG c.g.d.z.s.o.a.h.client5.http.headers - http-outgoing-0 << Ostype: linux
2024-03-20 20:10:36.521 [Test worker]  DEBUG c.g.d.z.s.o.a.h.client5.http.headers - http-outgoing-0 << Server: Docker/80+testcontainerscloud (linux)
2024-03-20 20:10:36.521 [Test worker]  DEBUG c.g.d.z.s.o.a.h.c.h.i.c.MainClientExec - ex-00000002: connection can be kept alive for 3 MINUTES
2024-03-20 20:10:36.521 [Test worker]  DEBUG c.g.d.z.s.o.a.hc.client5.http.wire - http-outgoing-0 << "{"Platform":{"Name":"Testcontainers Cloud"},"Components":[{"Name":"Engine","Version":"80+testcontainerscloud","Details":{"ApiVersion":"1.44","Arch":"amd64","BuildTime":"2024-02-02T21:36:19.000000000+00:00","Experimental":"false","GitCommit":"fce6e0ca9bc000888de3daa157af14fa41fcd0ff","GoVersion":"go1.21.6","KernelVersion":"5.10.186","MinAPIVersion":"1.24","Os":"linux"}},{"Name":"containerd","Version":"v1.7.1","Details":{"GitCommit":"1677a17964311325ed1c31e2c0a3589ce6d5c30d"}},{"Name":"runc","Version":"1.1.7","Details":{"GitCommit":"v1.1.7-0-g860f061b"}},{"Name":"docker-init","Version":"0.19.0","Details":{"GitCommit":""}}],"Version":"80+testcontainerscloud","ApiVersion":"1.44","MinAPIVersion":"1.24","GitCommit":"fce6e0ca9bc000888de3daa157af14fa41fcd0ff","GoVersion":"go1.21.6","Os":"linux","Arch":"amd64","KernelVersion":"5.10.186","BuildTime":"2024-02-02T21:36:19.000000000+00:00"}[\n]"
2024-03-20 20:10:36.527 [Test worker]  DEBUG c.g.d.z.s.o.a.h.c.h.i.c.InternalHttpClient - ep-00000001: releasing valid endpoint
2024-03-20 20:10:36.527 [Test worker]  DEBUG c.g.d.z.s.o.a.h.c.h.i.i.PoolingHttpClientConnectionManager - ep-00000001: releasing endpoint
2024-03-20 20:10:36.527 [Test worker]  DEBUG c.g.d.z.s.o.a.h.c.h.i.i.PoolingHttpClientConnectionManager - ep-00000001: connection http-outgoing-0 can be kept alive for 3 MINUTES
2024-03-20 20:10:36.527 [Test worker]  DEBUG c.g.d.z.s.o.a.h.c.h.i.i.PoolingHttpClientConnectionManager - ep-00000001: connection released [route: {}->http://127.0.0.1:62197][total available: 1; route allocated: 1 of 2147483647; total allocated: 1 of 2147483647]
2024-03-20 20:10:36.527 [Test worker]  DEBUG o.testcontainers.DockerClientFactory - Docker version: {Components=[{Name=Engine, Version=80+testcontainerscloud, Details={ApiVersion=1.44, Arch=amd64, BuildTime=2024-02-02T21:36:19.000000000+00:00, Experimental=false, GitCommit=fce6e0ca9bc000888de3daa157af14fa41fcd0ff, GoVersion=go1.21.6, KernelVersion=5.10.186, MinAPIVersion=1.24, Os=linux}}, {Name=containerd, Version=v1.7.1, Details={GitCommit=1677a17964311325ed1c31e2c0a3589ce6d5c30d}}, {Name=runc, Version=1.1.7, Details={GitCommit=v1.1.7-0-g860f061b}}, {Name=docker-init, Version=0.19.0, Details={GitCommit=}}], KernelVersion=5.10.186, ApiVersion=1.44, Platform={Name=Testcontainers Cloud}, GitCommit=fce6e0ca9bc000888de3daa157af14fa41fcd0ff, Os=linux, Version=80+testcontainerscloud, MinAPIVersion=1.24, Arch=amd64, GoVersion=go1.21.6, BuildTime=2024-02-02T21:36:19.000000000+00:00}
2024-03-20 20:10:36.527 [Test worker]  INFO  o.testcontainers.DockerClientFactory - Connected to docker: 
  Server Version: 80+testcontainerscloud (via Testcontainers Desktop 1.9.0)
  API Version: 1.44
  Operating System: Ubuntu 20.04 LTS
  Total Memory: 7407 MB
2024-03-20 20:10:36.532 [Test worker]  DEBUG o.t.utility.RyukResourceReaper - Ryuk is enabled but will be started on demand
2024-03-20 20:10:36.532 [Test worker]  DEBUG o.testcontainers.DockerClientFactory - Checks are enabled
2024-03-20 20:10:36.532 [Test worker]  INFO  o.testcontainers.DockerClientFactory - Checking the system...
2024-03-20 20:10:36.532 [Test worker]  INFO  o.testcontainers.DockerClientFactory - ✔︎ Docker server version should be at least 1.6.0
2024-03-20 20:10:36.534 [Test worker]  DEBUG o.t.u.PrefixingImageNameSubstitutor - No prefix is configured
2024-03-20 20:10:36.534 [Test worker]  DEBUG o.t.utility.ImageNameSubstitutor - Did not find a substitute image for gcr.io/google.com/cloudsdktool/google-cloud-cli:441.0.0-emulators (using image substitutor: DefaultImageNameSubstitutor (composite of 'ConfigurationFileImageNameSubstitutor' and 'PrefixingImageNameSubstitutor'))
2024-03-20 20:10:36.535 [Test worker]  DEBUG o.t.s.c.g.d.c.command.AbstrDockerCmd - Cmd: ListImagesCmdImpl[filters=org.testcontainers.shaded.com.github.dockerjava.core.util.FiltersBuilder@0,imageNameFilter=<null>,showAll=false]
2024-03-20 20:10:36.537 [Test worker]  TRACE o.t.s.c.g.d.c.exec.ListImagesCmdExec - GET: DefaultWebTarget{path=[/images/json], queryParams={}}
2024-03-20 20:10:36.537 [Test worker]  DEBUG c.g.d.z.s.o.a.h.c.h.i.c.InternalHttpClient - ex-00000003: preparing request execution
2024-03-20 20:10:36.537 [Test worker]  DEBUG c.g.d.z.s.o.a.h.c.h.p.RequestAddCookies - Cookie spec selected: strict
2024-03-20 20:10:36.537 [Test worker]  DEBUG c.g.d.z.s.o.a.h.c.h.p.RequestAuthCache - Auth cache not set in the context
2024-03-20 20:10:36.537 [Test worker]  DEBUG c.g.d.z.s.o.a.h.c.h.i.c.ProtocolExec - ex-00000003: target auth state: UNCHALLENGED
2024-03-20 20:10:36.537 [Test worker]  DEBUG c.g.d.z.s.o.a.h.c.h.i.c.ProtocolExec - ex-00000003: proxy auth state: UNCHALLENGED
2024-03-20 20:10:36.537 [Test worker]  DEBUG c.g.d.z.s.o.a.h.c.h.i.c.ConnectExec - ex-00000003: acquiring connection with route {}->http://127.0.0.1:62197
2024-03-20 20:10:36.537 [Test worker]  DEBUG c.g.d.z.s.o.a.h.c.h.i.c.InternalHttpClient - ex-00000003: acquiring endpoint (3 MINUTES)
2024-03-20 20:10:36.537 [Test worker]  DEBUG c.g.d.z.s.o.a.h.c.h.i.i.PoolingHttpClientConnectionManager - ex-00000003: endpoint lease request (3 MINUTES) [route: {}->http://127.0.0.1:62197][total available: 1; route allocated: 1 of 2147483647; total allocated: 1 of 2147483647]
2024-03-20 20:10:36.538 [Test worker]  DEBUG c.g.d.z.s.o.a.h.c.h.i.i.PoolingHttpClientConnectionManager - ex-00000003: endpoint leased [route: {}->http://127.0.0.1:62197][total available: 0; route allocated: 1 of 2147483647; total allocated: 1 of 2147483647]
2024-03-20 20:10:36.538 [Test worker]  DEBUG c.g.d.z.s.o.a.h.c.h.i.i.PoolingHttpClientConnectionManager - ex-00000003: acquired ep-00000002
2024-03-20 20:10:36.538 [Test worker]  DEBUG c.g.d.z.s.o.a.h.c.h.i.c.InternalHttpClient - ex-00000003: acquired endpoint ep-00000002
2024-03-20 20:10:36.538 [Test worker]  DEBUG c.g.d.z.s.o.a.h.c.h.i.c.MainClientExec - ex-00000003: executing GET /v1.32/images/json HTTP/1.1
2024-03-20 20:10:36.538 [Test worker]  DEBUG c.g.d.z.s.o.a.h.c.h.i.c.InternalHttpClient - ep-00000002: start execution ex-00000003
2024-03-20 20:10:36.538 [Test worker]  DEBUG c.g.d.z.s.o.a.h.c.h.i.i.PoolingHttpClientConnectionManager - ep-00000002: executing exchange ex-00000003 over http-outgoing-0
2024-03-20 20:10:36.538 [Test worker]  DEBUG c.g.d.z.s.o.a.h.client5.http.headers - http-outgoing-0 >> GET /v1.32/images/json HTTP/1.1
2024-03-20 20:10:36.538 [Test worker]  DEBUG c.g.d.z.s.o.a.h.client5.http.headers - http-outgoing-0 >> accept: application/json
2024-03-20 20:10:36.538 [Test worker]  DEBUG c.g.d.z.s.o.a.h.client5.http.headers - http-outgoing-0 >> x-tc-sid: f9061f9f-f631-469c-a1b7-e8c8c32eacbb
2024-03-20 20:10:36.538 [Test worker]  DEBUG c.g.d.z.s.o.a.h.client5.http.headers - http-outgoing-0 >> User-Agent: tc-java/1.19.7
2024-03-20 20:10:36.538 [Test worker]  DEBUG c.g.d.z.s.o.a.h.client5.http.headers - http-outgoing-0 >> Accept-Encoding: gzip, x-gzip, deflate
2024-03-20 20:10:36.538 [Test worker]  DEBUG c.g.d.z.s.o.a.h.client5.http.headers - http-outgoing-0 >> Host: 127.0.0.1:62197
2024-03-20 20:10:36.538 [Test worker]  DEBUG c.g.d.z.s.o.a.h.client5.http.headers - http-outgoing-0 >> Connection: keep-alive
2024-03-20 20:10:36.538 [Test worker]  DEBUG c.g.d.z.s.o.a.hc.client5.http.wire - http-outgoing-0 >> "GET /v1.32/images/json HTTP/1.1[\r][\n]"
2024-03-20 20:10:36.538 [Test worker]  DEBUG c.g.d.z.s.o.a.hc.client5.http.wire - http-outgoing-0 >> "accept: application/json[\r][\n]"
2024-03-20 20:10:36.538 [Test worker]  DEBUG c.g.d.z.s.o.a.hc.client5.http.wire - http-outgoing-0 >> "x-tc-sid: f9061f9f-f631-469c-a1b7-e8c8c32eacbb[\r][\n]"
2024-03-20 20:10:36.538 [Test worker]  DEBUG c.g.d.z.s.o.a.hc.client5.http.wire - http-outgoing-0 >> "User-Agent: tc-java/1.19.7[\r][\n]"
2024-03-20 20:10:36.538 [Test worker]  DEBUG c.g.d.z.s.o.a.hc.client5.http.wire - http-outgoing-0 >> "Accept-Encoding: gzip, x-gzip, deflate[\r][\n]"
2024-03-20 20:10:36.538 [Test worker]  DEBUG c.g.d.z.s.o.a.hc.client5.http.wire - http-outgoing-0 >> "Host: 127.0.0.1:62197[\r][\n]"
2024-03-20 20:10:36.538 [Test worker]  DEBUG c.g.d.z.s.o.a.hc.client5.http.wire - http-outgoing-0 >> "Connection: keep-alive[\r][\n]"
2024-03-20 20:10:36.538 [Test worker]  DEBUG c.g.d.z.s.o.a.hc.client5.http.wire - http-outgoing-0 >> "[\r][\n]"
2024-03-20 20:10:36.554 [Test worker]  DEBUG c.g.d.z.s.o.a.hc.client5.http.wire - http-outgoing-0 << "HTTP/1.1 200 OK[\r][\n]"
2024-03-20 20:10:36.554 [Test worker]  DEBUG c.g.d.z.s.o.a.hc.client5.http.wire - http-outgoing-0 << "Api-Version: 1.44[\r][\n]"
2024-03-20 20:10:36.554 [Test worker]  DEBUG c.g.d.z.s.o.a.hc.client5.http.wire - http-outgoing-0 << "Content-Type: application/json[\r][\n]"
2024-03-20 20:10:36.554 [Test worker]  DEBUG c.g.d.z.s.o.a.hc.client5.http.wire - http-outgoing-0 << "Date: Wed, 20 Mar 2024 19:10:36 GMT[\r][\n]"
2024-03-20 20:10:36.554 [Test worker]  DEBUG c.g.d.z.s.o.a.hc.client5.http.wire - http-outgoing-0 << "Docker-Experimental: false[\r][\n]"
2024-03-20 20:10:36.554 [Test worker]  DEBUG c.g.d.z.s.o.a.hc.client5.http.wire - http-outgoing-0 << "Ostype: linux[\r][\n]"
2024-03-20 20:10:36.554 [Test worker]  DEBUG c.g.d.z.s.o.a.hc.client5.http.wire - http-outgoing-0 << "Server: Docker/80+testcontainerscloud (linux)[\r][\n]"
2024-03-20 20:10:36.554 [Test worker]  DEBUG c.g.d.z.s.o.a.hc.client5.http.wire - http-outgoing-0 << "Transfer-Encoding: chunked[\r][\n]"
2024-03-20 20:10:36.554 [Test worker]  DEBUG c.g.d.z.s.o.a.hc.client5.http.wire - http-outgoing-0 << "[\r][\n]"
2024-03-20 20:10:36.554 [Test worker]  DEBUG c.g.d.z.s.o.a.hc.client5.http.wire - http-outgoing-0 << "1321[\r][\n]"
2024-03-20 20:10:36.554 [Test worker]  DEBUG c.g.d.z.s.o.a.hc.client5.http.wire - http-outgoing-0 << "[{"Containers":-1,"Created":1707420495,"Id":"sha256:54ae7e6e096bdd77229713bb3a17983e82b7def419a0a78ef4b1102478515c0b","Labels":null,"ParentId":"","RepoDigests":["postgres@sha256:4d3d45051b91b6573a0d8fdcfb19702aa83a607a47526c62cf2e29ec92bc0218"],"RepoTags":["postgres:14-alpine"],"SharedSize":-1,"Size":238981959,"VirtualSize":238981959},{"Containers":-1,"Created":1703169114,"Id":"sha256:71009a3edde7c6988eb3a3b51c9dc3cacc154494ca7e5e33ed567a38bf75c130","Labels":{"org.testcontainers.ryuk":"true"},"ParentId":"","RepoDigests":["testcontainers/ryuk@sha256:739f19eb83b1710f22ff452d7bec9cdd3f53d0ba5ff4096c6516a85de88eba0c"],"RepoTags":["testcontainers/ryuk:0.6.0"],"SharedSize":-1,"Size":14890784,"VirtualSize":14890784},{"Containers":-1,"Created":1684336262,"Id":"sha256:ec913eeff75a6b5ed284cf17e186213a466ec10a8f471798318ffa0813b5d828","Labels":{"org.testcontainers.ryuk":"true"},"ParentId":"","RepoDigests":["testcontainers/ryuk@sha256:533abc56c07b52a26c955d1e7ae428d810582ab01c156384ae79960eb5fa0775"],"RepoTags":["testcontainers/ryuk:0.5.1"],"SharedSize":-1,"Size":12676382,"VirtualSize":12676382},{"Containers":-1,"Created":1678438354,"Id":"sha256:2e306eb8aa06255c4f736b2bcf446760cae7cf9e947651ba8272f34c3e94ffa7","Labels":{"org.testcontainers.ryuk":"true"},"ParentId":"","RepoDigests":["testcontainers/ryuk@sha256:b874cc015594f275ad3ffb6a135c015c52ce04a2eba377c963abe25a84628167"],"RepoTags":["testcontainers/ryuk:0.4.0"],"SharedSize":-1,"Size":12667510,"VirtualSize":12667510},{"Containers":-1,"Created":1659017178,"Id":"sha256:7ac27de2f0c441174e7e12a105f876493b902ffd7bbb2a3646aa929c08cc3806","Labels":null,"ParentId":"","RepoDigests":["testcontainers/ryuk@sha256:0c8faa0a3ad1e154f9d8d5d78627b40d7359ff3f7d3f98556aa32157ad8fd924"],"RepoTags":["testcontainers/ryuk:0.3.4"],"SharedSize":-1,"Size":11957841,"VirtualSize":11957841},{"Containers":-1,"Created":1654903374,"Id":"sha256:de24b5ae72951a042af5350c701c4e5f18152b42292d8d756f712e67efab3227","Labels":null,"ParentId":"","RepoDigests":["testcontainers/sshd@sha256:7d6fdd0bd7e64229c9cf9feabc394a6d0a7fc15a671e84993d86fd91ed52422e"],"RepoTags":["testcontainers/sshd:1.1.0"],"SharedSize":-1,"Size":11998136,"VirtualSize":11998136},{"Containers":-1,"Created":1634200477,"Id":"sha256:64f4b02dc9864d9621d248e55835408a03b3cd8239b790e610c71c29ea45a3b9","Labels":null,"ParentId":"","RepoDigests":["testcontainers/ryuk@sha256:d50c04005142e165182b2e408d0c76f3cc38ca4db4af14125ce1b938820e5cef"],"RepoTags":["testcontainers/ryuk:0.3.3"],"SharedSize":-1,"Size":11963843,"VirtualSize":11963843},{"Containers":-1,"Created":1633542989,"Id":"sha256:76da344f7a494a483d2013e9b9d5a5334e1108fc63b794c857a865fdb55c077d","Labels":{"architecture":"x86_64","build-date":"2021-09-14T16:32:53.929147","com.redhat.build-host":"cpt-1003.osbs.prod.upshift.rdu2.redhat.com","com.redhat.component":"ubi8-minimal-container","com.redhat.license_terms":"https://www.redhat.com/en/about/red-hat-end-user-license-agreements#UBI","description":"Common base image for Confluent's Docker images.","distribution-scope":"public","io.confluent.docker":"true","io.confluent.docker.build.number":"5","io.confluent.docker.git.id":"31fed034","io.confluent.docker.git.repo":"confluentinc/kafka-images","io.k8s.description":"The Universal Base Image Minimal is a stripped down image that uses microdnf as a package manager. This base image is freely redistributable, but Red Hat only supports Red Hat technologies through subscriptions for Red Hat products. This image is maintained by Red Hat and updated regularly.","io.k8s.display-name":"Red Hat Universal Base Image 8 Minimal","io.openshift.expose-services":"","io.openshift.tags":"minimal rhel8","maintainer":"partner-support@confluent.io","name":"cp-kafka","release":"6.2.1","summary":"Confluent platform Kafka.","url":"https://access.redhat.com/containers/#/registry.access.redhat.com/ubi8-minimal/images/8.4-210","vcs-ref":"7256039d3c371a38cf13906dcf5688c19700c73b","vcs-type":"git","vendor":"Confluent","version":"31fed034"},"ParentId":"","RepoDigests":["confluentinc/cp-kafka@sha256:870c760a9e184260c159e4f7e5b4e715be0b89726b397f709fd6ce43add34456"],"RepoTags":["confluentinc/cp-kafka:6.2.1"],"SharedSize":-1,"Size":771843718,"VirtualSize":771843718},{"Containers":-1,"Created":1591782412,"Id":"sha256:2355926154447ec75b25666ff5df14d1ab54f8bb4abf731be2fcb818c7a7f145","Labels":null,"ParentId":"","RepoDigests":["redis@sha256:800f2587bf3376cb01e6307afe599ddce9439deafbd4fb8562829da96085c9c5"],"RepoTags":["redis:6.0.5"],"SharedSize":-1,"Size":104106160,"VirtualSize":104106160},{"Containers":-1,"Created":1591386939,"Id":"sha256:b665446a05c2fe2d551eccd8d29f6ee3d42c00f15597fd0f571900721380fd5d","Labels":null,"ParentId":"","RepoDigests":["testcontainers/sshd@sha256:c1185b0874011b53e88ce42245ed15e2c6f278517f54ccb3a52faa711fd9efec"],"RepoTags":["testcontainers/sshd:1.0.0"],"SharedSize":-1,"Size":7797265,"VirtualSize":7797265}][\n]"
2024-03-20 20:10:36.554 [Test worker]  DEBUG c.g.d.z.s.o.a.hc.client5.http.wire - http-outgoing-0 << "[\r][\n]"
2024-03-20 20:10:36.554 [Test worker]  DEBUG c.g.d.z.s.o.a.h.client5.http.headers - http-outgoing-0 << HTTP/1.1 200 OK
2024-03-20 20:10:36.554 [Test worker]  DEBUG c.g.d.z.s.o.a.h.client5.http.headers - http-outgoing-0 << Api-Version: 1.44
2024-03-20 20:10:36.554 [Test worker]  DEBUG c.g.d.z.s.o.a.h.client5.http.headers - http-outgoing-0 << Content-Type: application/json
2024-03-20 20:10:36.554 [Test worker]  DEBUG c.g.d.z.s.o.a.h.client5.http.headers - http-outgoing-0 << Date: Wed, 20 Mar 2024 19:10:36 GMT
2024-03-20 20:10:36.554 [Test worker]  DEBUG c.g.d.z.s.o.a.h.client5.http.headers - http-outgoing-0 << Docker-Experimental: false
2024-03-20 20:10:36.554 [Test worker]  DEBUG c.g.d.z.s.o.a.h.client5.http.headers - http-outgoing-0 << Ostype: linux
2024-03-20 20:10:36.554 [Test worker]  DEBUG c.g.d.z.s.o.a.h.client5.http.headers - http-outgoing-0 << Server: Docker/80+testcontainerscloud (linux)
2024-03-20 20:10:36.555 [Test worker]  DEBUG c.g.d.z.s.o.a.h.client5.http.headers - http-outgoing-0 << Transfer-Encoding: chunked
2024-03-20 20:10:36.556 [Test worker]  DEBUG c.g.d.z.s.o.a.h.c.h.i.c.MainClientExec - ex-00000003: connection can be kept alive for 3 MINUTES
2024-03-20 20:10:36.559 [Test worker]  DEBUG c.g.d.z.s.o.a.hc.client5.http.wire - http-outgoing-0 << "0[\r][\n]"
2024-03-20 20:10:36.559 [Test worker]  DEBUG c.g.d.z.s.o.a.hc.client5.http.wire - http-outgoing-0 << "[\r][\n]"
2024-03-20 20:10:36.559 [Test worker]  DEBUG c.g.d.z.s.o.a.h.c.h.i.c.InternalHttpClient - ep-00000002: releasing valid endpoint
2024-03-20 20:10:36.559 [Test worker]  DEBUG c.g.d.z.s.o.a.h.c.h.i.i.PoolingHttpClientConnectionManager - ep-00000002: releasing endpoint
2024-03-20 20:10:36.559 [Test worker]  DEBUG c.g.d.z.s.o.a.h.c.h.i.i.PoolingHttpClientConnectionManager - ep-00000002: connection http-outgoing-0 can be kept alive for 3 MINUTES
2024-03-20 20:10:36.559 [Test worker]  DEBUG c.g.d.z.s.o.a.h.c.h.i.i.PoolingHttpClientConnectionManager - ep-00000002: connection released [route: {}->http://127.0.0.1:62197][total available: 1; route allocated: 1 of 2147483647; total allocated: 1 of 2147483647]
2024-03-20 20:10:36.560 [Test worker]  TRACE o.t.s.c.g.d.c.exec.ListImagesCmdExec - Response: [Image(created=1707420495, id=sha256:54ae7e6e096bdd77229713bb3a17983e82b7def419a0a78ef4b1102478515c0b, parentId=, repoTags=[postgres:14-alpine], repoDigests=[postgres@sha256:4d3d45051b91b6573a0d8fdcfb19702aa83a607a47526c62cf2e29ec92bc0218], size=238981959, virtualSize=238981959, sharedSize=-1, labels=null, containers=-1), Image(created=1703169114, id=sha256:71009a3edde7c6988eb3a3b51c9dc3cacc154494ca7e5e33ed567a38bf75c130, parentId=, repoTags=[testcontainers/ryuk:0.6.0], repoDigests=[testcontainers/ryuk@sha256:739f19eb83b1710f22ff452d7bec9cdd3f53d0ba5ff4096c6516a85de88eba0c], size=14890784, virtualSize=14890784, sharedSize=-1, labels={org.testcontainers.ryuk=true}, containers=-1), Image(created=1684336262, id=sha256:ec913eeff75a6b5ed284cf17e186213a466ec10a8f471798318ffa0813b5d828, parentId=, repoTags=[testcontainers/ryuk:0.5.1], repoDigests=[testcontainers/ryuk@sha256:533abc56c07b52a26c955d1e7ae428d810582ab01c156384ae79960eb5fa0775], size=12676382, virtualSize=12676382, sharedSize=-1, labels={org.testcontainers.ryuk=true}, containers=-1), Image(created=1678438354, id=sha256:2e306eb8aa06255c4f736b2bcf446760cae7cf9e947651ba8272f34c3e94ffa7, parentId=, repoTags=[testcontainers/ryuk:0.4.0], repoDigests=[testcontainers/ryuk@sha256:b874cc015594f275ad3ffb6a135c015c52ce04a2eba377c963abe25a84628167], size=12667510, virtualSize=12667510, sharedSize=-1, labels={org.testcontainers.ryuk=true}, containers=-1), Image(created=1659017178, id=sha256:7ac27de2f0c441174e7e12a105f876493b902ffd7bbb2a3646aa929c08cc3806, parentId=, repoTags=[testcontainers/ryuk:0.3.4], repoDigests=[testcontainers/ryuk@sha256:0c8faa0a3ad1e154f9d8d5d78627b40d7359ff3f7d3f98556aa32157ad8fd924], size=11957841, virtualSize=11957841, sharedSize=-1, labels=null, containers=-1), Image(created=1654903374, id=sha256:de24b5ae72951a042af5350c701c4e5f18152b42292d8d756f712e67efab3227, parentId=, repoTags=[testcontainers/sshd:1.1.0], repoDigests=[testcontainers/sshd@sha256:7d6fdd0bd7e64229c9cf9feabc394a6d0a7fc15a671e84993d86fd91ed52422e], size=11998136, virtualSize=11998136, sharedSize=-1, labels=null, containers=-1), Image(created=1634200477, id=sha256:64f4b02dc9864d9621d248e55835408a03b3cd8239b790e610c71c29ea45a3b9, parentId=, repoTags=[testcontainers/ryuk:0.3.3], repoDigests=[testcontainers/ryuk@sha256:d50c04005142e165182b2e408d0c76f3cc38ca4db4af14125ce1b938820e5cef], size=11963843, virtualSize=11963843, sharedSize=-1, labels=null, containers=-1), Image(created=1633542989, id=sha256:76da344f7a494a483d2013e9b9d5a5334e1108fc63b794c857a865fdb55c077d, parentId=, repoTags=[confluentinc/cp-kafka:6.2.1], repoDigests=[confluentinc/cp-kafka@sha256:870c760a9e184260c159e4f7e5b4e715be0b89726b397f709fd6ce43add34456], size=771843718, virtualSize=771843718, sharedSize=-1, labels={architecture=x86_64, build-date=2021-09-14T16:32:53.929147, com.redhat.build-host=cpt-1003.osbs.prod.upshift.rdu2.redhat.com, com.redhat.component=ubi8-minimal-container, com.redhat.license_terms=https://www.redhat.com/en/about/red-hat-end-user-license-agreements#UBI, description=Common base image for Confluent's Docker images., distribution-scope=public, io.confluent.docker=true, io.confluent.docker.build.number=5, io.confluent.docker.git.id=31fed034, io.confluent.docker.git.repo=confluentinc/kafka-images, io.k8s.description=The Universal Base Image Minimal is a stripped down image that uses microdnf as a package manager. This base image is freely redistributable, but Red Hat only supports Red Hat technologies through subscriptions for Red Hat products. This image is maintained by Red Hat and updated regularly., io.k8s.display-name=Red Hat Universal Base Image 8 Minimal, io.openshift.expose-services=, io.openshift.tags=minimal rhel8, maintainer=partner-support@confluent.io, name=cp-kafka, release=6.2.1, summary=Confluent platform Kafka., url=https://access.redhat.com/containers/#/registry.access.redhat.com/ubi8-minimal/images/8.4-210, vcs-ref=7256039d3c371a38cf13906dcf5688c19700c73b, vcs-type=git, vendor=Confluent, version=31fed034}, containers=-1), Image(created=1591782412, id=sha256:2355926154447ec75b25666ff5df14d1ab54f8bb4abf731be2fcb818c7a7f145, parentId=, repoTags=[redis:6.0.5], repoDigests=[redis@sha256:800f2587bf3376cb01e6307afe599ddce9439deafbd4fb8562829da96085c9c5], size=104106160, virtualSize=104106160, sharedSize=-1, labels=null, containers=-1), Image(created=1591386939, id=sha256:b665446a05c2fe2d551eccd8d29f6ee3d42c00f15597fd0f571900721380fd5d, parentId=, repoTags=[testcontainers/sshd:1.0.0], repoDigests=[testcontainers/sshd@sha256:c1185b0874011b53e88ce42245ed15e2c6f278517f54ccb3a52faa711fd9efec], size=7797265, virtualSize=7797265, sharedSize=-1, labels=null, containers=-1)]
2024-03-20 20:10:36.561 [Test worker]  DEBUG t.g.i.c.0.0-emulators - gcr.io/google.com/cloudsdktool/google-cloud-cli:441.0.0-emulators is not in image name cache, updating...
2024-03-20 20:10:36.561 [Test worker]  DEBUG o.t.s.c.g.d.c.command.AbstrDockerCmd - Cmd: gcr.io/google.com/cloudsdktool/google-cloud-cli:441.0.0-emulators
2024-03-20 20:10:36.562 [Test worker]  TRACE o.t.s.c.g.d.c.e.InspectImageCmdExec - GET: DefaultWebTarget{path=[/images/gcr.io%2Fgoogle.com%2Fcloudsdktool%2Fgoogle-cloud-cli:441.0.0-emulators/json], queryParams={}}
2024-03-20 20:10:36.563 [Test worker]  DEBUG c.g.d.z.s.o.a.h.c.h.i.c.InternalHttpClient - ex-00000004: preparing request execution
2024-03-20 20:10:36.563 [Test worker]  DEBUG c.g.d.z.s.o.a.h.c.h.p.RequestAddCookies - Cookie spec selected: strict
2024-03-20 20:10:36.563 [Test worker]  DEBUG c.g.d.z.s.o.a.h.c.h.p.RequestAuthCache - Auth cache not set in the context
2024-03-20 20:10:36.563 [Test worker]  DEBUG c.g.d.z.s.o.a.h.c.h.i.c.ProtocolExec - ex-00000004: target auth state: UNCHALLENGED
2024-03-20 20:10:36.563 [Test worker]  DEBUG c.g.d.z.s.o.a.h.c.h.i.c.ProtocolExec - ex-00000004: proxy auth state: UNCHALLENGED
2024-03-20 20:10:36.563 [Test worker]  DEBUG c.g.d.z.s.o.a.h.c.h.i.c.ConnectExec - ex-00000004: acquiring connection with route {}->http://127.0.0.1:62197
2024-03-20 20:10:36.563 [Test worker]  DEBUG c.g.d.z.s.o.a.h.c.h.i.c.InternalHttpClient - ex-00000004: acquiring endpoint (3 MINUTES)
2024-03-20 20:10:36.563 [Test worker]  DEBUG c.g.d.z.s.o.a.h.c.h.i.i.PoolingHttpClientConnectionManager - ex-00000004: endpoint lease request (3 MINUTES) [route: {}->http://127.0.0.1:62197][total available: 1; route allocated: 1 of 2147483647; total allocated: 1 of 2147483647]
2024-03-20 20:10:36.563 [Test worker]  DEBUG c.g.d.z.s.o.a.h.c.h.i.i.PoolingHttpClientConnectionManager - ex-00000004: endpoint leased [route: {}->http://127.0.0.1:62197][total available: 0; route allocated: 1 of 2147483647; total allocated: 1 of 2147483647]
2024-03-20 20:10:36.563 [Test worker]  DEBUG c.g.d.z.s.o.a.h.c.h.i.i.PoolingHttpClientConnectionManager - ex-00000004: acquired ep-00000003
2024-03-20 20:10:36.564 [Test worker]  DEBUG c.g.d.z.s.o.a.h.c.h.i.c.InternalHttpClient - ex-00000004: acquired endpoint ep-00000003
2024-03-20 20:10:36.564 [Test worker]  DEBUG c.g.d.z.s.o.a.h.c.h.i.c.MainClientExec - ex-00000004: executing GET /v1.32/images/gcr.io%2Fgoogle.com%2Fcloudsdktool%2Fgoogle-cloud-cli:441.0.0-emulators/json HTTP/1.1
2024-03-20 20:10:36.564 [Test worker]  DEBUG c.g.d.z.s.o.a.h.c.h.i.c.InternalHttpClient - ep-00000003: start execution ex-00000004
2024-03-20 20:10:36.564 [Test worker]  DEBUG c.g.d.z.s.o.a.h.c.h.i.i.PoolingHttpClientConnectionManager - ep-00000003: executing exchange ex-00000004 over http-outgoing-0
2024-03-20 20:10:36.564 [Test worker]  DEBUG c.g.d.z.s.o.a.h.client5.http.headers - http-outgoing-0 >> GET /v1.32/images/gcr.io%2Fgoogle.com%2Fcloudsdktool%2Fgoogle-cloud-cli:441.0.0-emulators/json HTTP/1.1
2024-03-20 20:10:36.564 [Test worker]  DEBUG c.g.d.z.s.o.a.h.client5.http.headers - http-outgoing-0 >> accept: application/json
2024-03-20 20:10:36.564 [Test worker]  DEBUG c.g.d.z.s.o.a.h.client5.http.headers - http-outgoing-0 >> x-tc-sid: f9061f9f-f631-469c-a1b7-e8c8c32eacbb
2024-03-20 20:10:36.564 [Test worker]  DEBUG c.g.d.z.s.o.a.h.client5.http.headers - http-outgoing-0 >> User-Agent: tc-java/1.19.7
2024-03-20 20:10:36.564 [Test worker]  DEBUG c.g.d.z.s.o.a.h.client5.http.headers - http-outgoing-0 >> Accept-Encoding: gzip, x-gzip, deflate
2024-03-20 20:10:36.564 [Test worker]  DEBUG c.g.d.z.s.o.a.h.client5.http.headers - http-outgoing-0 >> Host: 127.0.0.1:62197
2024-03-20 20:10:36.564 [Test worker]  DEBUG c.g.d.z.s.o.a.h.client5.http.headers - http-outgoing-0 >> Connection: keep-alive
2024-03-20 20:10:36.564 [Test worker]  DEBUG c.g.d.z.s.o.a.hc.client5.http.wire - http-outgoing-0 >> "GET /v1.32/images/gcr.io%2Fgoogle.com%2Fcloudsdktool%2Fgoogle-cloud-cli:441.0.0-emulators/json HTTP/1.1[\r][\n]"
2024-03-20 20:10:36.564 [Test worker]  DEBUG c.g.d.z.s.o.a.hc.client5.http.wire - http-outgoing-0 >> "accept: application/json[\r][\n]"
2024-03-20 20:10:36.564 [Test worker]  DEBUG c.g.d.z.s.o.a.hc.client5.http.wire - http-outgoing-0 >> "x-tc-sid: f9061f9f-f631-469c-a1b7-e8c8c32eacbb[\r][\n]"
2024-03-20 20:10:36.564 [Test worker]  DEBUG c.g.d.z.s.o.a.hc.client5.http.wire - http-outgoing-0 >> "User-Agent: tc-java/1.19.7[\r][\n]"
2024-03-20 20:10:36.564 [Test worker]  DEBUG c.g.d.z.s.o.a.hc.client5.http.wire - http-outgoing-0 >> "Accept-Encoding: gzip, x-gzip, deflate[\r][\n]"
2024-03-20 20:10:36.564 [Test worker]  DEBUG c.g.d.z.s.o.a.hc.client5.http.wire - http-outgoing-0 >> "Host: 127.0.0.1:62197[\r][\n]"
2024-03-20 20:10:36.564 [Test worker]  DEBUG c.g.d.z.s.o.a.hc.client5.http.wire - http-outgoing-0 >> "Connection: keep-alive[\r][\n]"
2024-03-20 20:10:36.564 [Test worker]  DEBUG c.g.d.z.s.o.a.hc.client5.http.wire - http-outgoing-0 >> "[\r][\n]"
2024-03-20 20:10:36.575 [Test worker]  DEBUG c.g.d.z.s.o.a.hc.client5.http.wire - http-outgoing-0 << "HTTP/1.1 404 Not Found[\r][\n]"
2024-03-20 20:10:36.575 [Test worker]  DEBUG c.g.d.z.s.o.a.hc.client5.http.wire - http-outgoing-0 << "Api-Version: 1.44[\r][\n]"
2024-03-20 20:10:36.575 [Test worker]  DEBUG c.g.d.z.s.o.a.hc.client5.http.wire - http-outgoing-0 << "Content-Length: 95[\r][\n]"
2024-03-20 20:10:36.575 [Test worker]  DEBUG c.g.d.z.s.o.a.hc.client5.http.wire - http-outgoing-0 << "Content-Type: application/json[\r][\n]"
2024-03-20 20:10:36.575 [Test worker]  DEBUG c.g.d.z.s.o.a.hc.client5.http.wire - http-outgoing-0 << "Date: Wed, 20 Mar 2024 19:10:36 GMT[\r][\n]"
2024-03-20 20:10:36.575 [Test worker]  DEBUG c.g.d.z.s.o.a.hc.client5.http.wire - http-outgoing-0 << "Docker-Experimental: false[\r][\n]"
2024-03-20 20:10:36.575 [Test worker]  DEBUG c.g.d.z.s.o.a.hc.client5.http.wire - http-outgoing-0 << "Ostype: linux[\r][\n]"
2024-03-20 20:10:36.575 [Test worker]  DEBUG c.g.d.z.s.o.a.hc.client5.http.wire - http-outgoing-0 << "Server: Docker/80+testcontainerscloud (linux)[\r][\n]"
2024-03-20 20:10:36.575 [Test worker]  DEBUG c.g.d.z.s.o.a.hc.client5.http.wire - http-outgoing-0 << "[\r][\n]"
2024-03-20 20:10:36.575 [Test worker]  DEBUG c.g.d.z.s.o.a.hc.client5.http.wire - http-outgoing-0 << "{"message":"No such image: gcr.io/google.com/cloudsdktool/google-cloud-cli:441.0.0-emulators"}[\n]"
2024-03-20 20:10:36.575 [Test worker]  DEBUG c.g.d.z.s.o.a.h.client5.http.headers - http-outgoing-0 << HTTP/1.1 404 Not Found
2024-03-20 20:10:36.576 [Test worker]  DEBUG c.g.d.z.s.o.a.h.client5.http.headers - http-outgoing-0 << Api-Version: 1.44
2024-03-20 20:10:36.576 [Test worker]  DEBUG c.g.d.z.s.o.a.h.client5.http.headers - http-outgoing-0 << Content-Length: 95
2024-03-20 20:10:36.576 [Test worker]  DEBUG c.g.d.z.s.o.a.h.client5.http.headers - http-outgoing-0 << Content-Type: application/json
2024-03-20 20:10:36.576 [Test worker]  DEBUG c.g.d.z.s.o.a.h.client5.http.headers - http-outgoing-0 << Date: Wed, 20 Mar 2024 19:10:36 GMT
2024-03-20 20:10:36.576 [Test worker]  DEBUG c.g.d.z.s.o.a.h.client5.http.headers - http-outgoing-0 << Docker-Experimental: false
2024-03-20 20:10:36.576 [Test worker]  DEBUG c.g.d.z.s.o.a.h.client5.http.headers - http-outgoing-0 << Ostype: linux
2024-03-20 20:10:36.576 [Test worker]  DEBUG c.g.d.z.s.o.a.h.client5.http.headers - http-outgoing-0 << Server: Docker/80+testcontainerscloud (linux)
2024-03-20 20:10:36.576 [Test worker]  DEBUG c.g.d.z.s.o.a.h.c.h.i.c.MainClientExec - ex-00000004: connection can be kept alive for 3 MINUTES
2024-03-20 20:10:36.579 [Test worker]  DEBUG c.g.d.z.s.o.a.h.c.h.i.c.InternalHttpClient - ep-00000003: releasing valid endpoint
2024-03-20 20:10:36.579 [Test worker]  DEBUG c.g.d.z.s.o.a.h.c.h.i.i.PoolingHttpClientConnectionManager - ep-00000003: releasing endpoint
2024-03-20 20:10:36.579 [Test worker]  DEBUG c.g.d.z.s.o.a.h.c.h.i.i.PoolingHttpClientConnectionManager - ep-00000003: connection http-outgoing-0 can be kept alive for 3 MINUTES
2024-03-20 20:10:36.579 [Test worker]  DEBUG c.g.d.z.s.o.a.h.c.h.i.i.PoolingHttpClientConnectionManager - ep-00000003: connection released [route: {}->http://127.0.0.1:62197][total available: 1; route allocated: 1 of 2147483647; total allocated: 1 of 2147483647]
2024-03-20 20:10:36.579 [Test worker]  TRACE o.t.images.LocalImagesCache - Image gcr.io/google.com/cloudsdktool/google-cloud-cli:441.0.0-emulators not found
com.github.dockerjava.api.exception.NotFoundException: Status 404: {"message":"No such image: gcr.io/google.com/cloudsdktool/google-cloud-cli:441.0.0-emulators"}

	at org.testcontainers.shaded.com.github.dockerjava.core.DefaultInvocationBuilder.execute(DefaultInvocationBuilder.java:241)
	at org.testcontainers.shaded.com.github.dockerjava.core.DefaultInvocationBuilder.get(DefaultInvocationBuilder.java:202)
	at org.testcontainers.shaded.com.github.dockerjava.core.DefaultInvocationBuilder.get(DefaultInvocationBuilder.java:74)
	at org.testcontainers.shaded.com.github.dockerjava.core.exec.InspectImageCmdExec.execute(InspectImageCmdExec.java:28)
	at org.testcontainers.shaded.com.github.dockerjava.core.exec.InspectImageCmdExec.execute(InspectImageCmdExec.java:13)
	at org.testcontainers.shaded.com.github.dockerjava.core.exec.AbstrSyncDockerCmdExec.exec(AbstrSyncDockerCmdExec.java:21)
	at org.testcontainers.shaded.com.github.dockerjava.core.command.AbstrDockerCmd.exec(AbstrDockerCmd.java:33)
	at org.testcontainers.shaded.com.github.dockerjava.core.command.InspectImageCmdImpl.exec(InspectImageCmdImpl.java:39)
	at org.testcontainers.images.LocalImagesCache.refreshCache(LocalImagesCache.java:42)
	at org.testcontainers.images.AbstractImagePullPolicy.shouldPull(AbstractImagePullPolicy.java:24)
	at org.testcontainers.images.RemoteDockerImage.resolve(RemoteDockerImage.java:70)
	at org.testcontainers.images.RemoteDockerImage.resolve(RemoteDockerImage.java:28)
	at org.testcontainers.utility.LazyFuture.getResolvedValue(LazyFuture.java:20)
	at org.testcontainers.utility.LazyFuture.get(LazyFuture.java:41)
	at org.testcontainers.containers.GenericContainer.getDockerImageName(GenericContainer.java:1362)
	at org.testcontainers.containers.GenericContainer.logger(GenericContainer.java:671)
	at org.testcontainers.containers.GenericContainer.doStart(GenericContainer.java:341)
	at org.testcontainers.containers.GenericContainer.start(GenericContainer.java:330)
	at com.elevaktor.EventStoreTest.Can store and retrieve events(EventStoreTest.kt:16)
	at java.base/jdk.internal.reflect.DirectMethodHandleAccessor.invoke(DirectMethodHandleAccessor.java:103)
	at java.base/java.lang.reflect.Method.invoke(Method.java:580)
	at org.junit.runners.model.FrameworkMethod$1.runReflectiveCall(FrameworkMethod.java:59)
	at org.junit.internal.runners.model.ReflectiveCallable.run(ReflectiveCallable.java:12)
	at org.junit.runners.model.FrameworkMethod.invokeExplosively(FrameworkMethod.java:56)
	at org.junit.internal.runners.statements.InvokeMethod.evaluate(InvokeMethod.java:17)
	at org.junit.runners.ParentRunner$3.evaluate(ParentRunner.java:306)
	at org.junit.runners.BlockJUnit4ClassRunner$1.evaluate(BlockJUnit4ClassRunner.java:100)
	at org.junit.runners.ParentRunner.runLeaf(ParentRunner.java:366)
	at org.junit.runners.BlockJUnit4ClassRunner.runChild(BlockJUnit4ClassRunner.java:103)
	at org.junit.runners.BlockJUnit4ClassRunner.runChild(BlockJUnit4ClassRunner.java:63)
	at org.junit.runners.ParentRunner$4.run(ParentRunner.java:331)
	at org.junit.runners.ParentRunner$1.schedule(ParentRunner.java:79)
	at org.junit.runners.ParentRunner.runChildren(ParentRunner.java:329)
	at org.junit.runners.ParentRunner.access$100(ParentRunner.java:66)
	at org.junit.runners.ParentRunner$2.evaluate(ParentRunner.java:293)
	at org.junit.runners.ParentRunner$3.evaluate(ParentRunner.java:306)
	at org.junit.runners.ParentRunner.run(ParentRunner.java:413)
	at org.gradle.api.internal.tasks.testing.junit.JUnitTestClassExecutor.runTestClass(JUnitTestClassExecutor.java:112)
	at org.gradle.api.internal.tasks.testing.junit.JUnitTestClassExecutor.execute(JUnitTestClassExecutor.java:58)
	at org.gradle.api.internal.tasks.testing.junit.JUnitTestClassExecutor.execute(JUnitTestClassExecutor.java:40)
	at org.gradle.api.internal.tasks.testing.junit.AbstractJUnitTestClassProcessor.processTestClass(AbstractJUnitTestClassProcessor.java:60)
	at org.gradle.api.internal.tasks.testing.SuiteTestClassProcessor.processTestClass(SuiteTestClassProcessor.java:52)
	at java.base/jdk.internal.reflect.DirectMethodHandleAccessor.invoke(DirectMethodHandleAccessor.java:103)
	at java.base/java.lang.reflect.Method.invoke(Method.java:580)
	at org.gradle.internal.dispatch.ReflectionDispatch.dispatch(ReflectionDispatch.java:36)
	at org.gradle.internal.dispatch.ReflectionDispatch.dispatch(ReflectionDispatch.java:24)
	at org.gradle.internal.dispatch.ContextClassLoaderDispatch.dispatch(ContextClassLoaderDispatch.java:33)
	at org.gradle.internal.dispatch.ProxyDispatchAdapter$DispatchingInvocationHandler.invoke(ProxyDispatchAdapter.java:94)
	at jdk.proxy1/jdk.proxy1.$Proxy2.processTestClass(Unknown Source)
	at org.gradle.api.internal.tasks.testing.worker.TestWorker$2.run(TestWorker.java:176)
	at org.gradle.api.internal.tasks.testing.worker.TestWorker.executeAndMaintainThreadName(TestWorker.java:129)
	at org.gradle.api.internal.tasks.testing.worker.TestWorker.execute(TestWorker.java:100)
	at org.gradle.api.internal.tasks.testing.worker.TestWorker.execute(TestWorker.java:60)
	at org.gradle.process.internal.worker.child.ActionExecutionWorker.execute(ActionExecutionWorker.java:56)
	at org.gradle.process.internal.worker.child.SystemApplicationClassLoaderWorker.call(SystemApplicationClassLoaderWorker.java:113)
	at org.gradle.process.internal.worker.child.SystemApplicationClassLoaderWorker.call(SystemApplicationClassLoaderWorker.java:65)
	at worker.org.gradle.process.internal.worker.GradleWorkerMain.run(GradleWorkerMain.java:69)
	at worker.org.gradle.process.internal.worker.GradleWorkerMain.main(GradleWorkerMain.java:74)
2024-03-20 20:10:36.580 [Test worker]  DEBUG o.t.images.AbstractImagePullPolicy - Not available locally, should pull image: gcr.io/google.com/cloudsdktool/google-cloud-cli:441.0.0-emulators
2024-03-20 20:10:36.580 [Test worker]  INFO  t.g.i.c.0.0-emulators - Pulling docker image: gcr.io/google.com/cloudsdktool/google-cloud-cli:441.0.0-emulators. Please be patient; this may take some time but only needs to be done once.
2024-03-20 20:10:36.583 [Test worker]  DEBUG o.t.utility.RegistryAuthLocator - Looking up auth config for image: gcr.io/google.com/cloudsdktool/google-cloud-cli:latest at registry: gcr.io
2024-03-20 20:10:36.583 [Test worker]  DEBUG o.t.utility.RegistryAuthLocator - RegistryAuthLocator has configFile: /Users/pim/.docker/config.json (exists) configEnv: DOCKER_AUTH_CONFIG (does not exist) and commandPathPrefix: 
2024-03-20 20:10:36.583 [Test worker]  DEBUG o.t.utility.RegistryAuthLocator - RegistryAuthLocator reading from configFile: /Users/pim/.docker/config.json
2024-03-20 20:10:36.584 [Test worker]  DEBUG o.t.utility.RegistryAuthLocator - registryName [gcr.io] for dockerImageName [gcr.io/google.com/cloudsdktool/google-cloud-cli:latest]
2024-03-20 20:10:36.584 [Test worker]  DEBUG o.t.utility.RegistryAuthLocator - Executing docker credential provider: docker-credential-desktop to locate auth config for: gcr.io
2024-03-20 20:10:36.588 [Test worker]  DEBUG o.t.s.o.z.exec.ProcessExecutor - Executing [docker-credential-desktop, get].
2024-03-20 20:10:36.598 [Test worker]  DEBUG o.t.s.o.z.exec.ProcessExecutor - Started Process[pid=22060, exitValue="not exited"]
2024-03-20 20:10:36.599 [Thread-4]  TRACE o.t.s.o.z.exec.stream.StreamPumper - org.testcontainers.shaded.org.zeroturnaround.exec.stream.StreamPumper@54fa2b62 started.
2024-03-20 20:10:36.599 [Thread-5]  TRACE o.t.s.o.z.exec.stream.StreamPumper - org.testcontainers.shaded.org.zeroturnaround.exec.stream.StreamPumper@6023c6c0 started.
2024-03-20 20:10:36.599 [Thread-4]  TRACE o.t.s.o.z.exec.stream.StreamPumper - org.testcontainers.shaded.org.zeroturnaround.exec.stream.StreamPumper@54fa2b62 finished.
2024-03-20 20:10:36.875 [Thread-5]  TRACE o.t.s.o.z.exec.stream.StreamPumper - org.testcontainers.shaded.org.zeroturnaround.exec.stream.StreamPumper@6023c6c0 finished.
2024-03-20 20:10:36.875 [WaitForProcess-Process[pid=22060, exitValue="not exited"]]  DEBUG o.t.s.o.z.exec.WaitForProcess - Process[pid=22060, exitValue=1] stopped with exit code 1
2024-03-20 20:10:36.875 [WaitForProcess-Process[pid=22060, exitValue="not exited"]]  TRACE o.t.s.o.z.e.stream.PumpStreamHandler - Joining input thread Thread[#38,Thread-4,5,]...
2024-03-20 20:10:36.875 [WaitForProcess-Process[pid=22060, exitValue="not exited"]]  TRACE o.t.s.o.z.e.stream.PumpStreamHandler - Joining output thread Thread[#39,Thread-5,5,]...
2024-03-20 20:10:36.876 [WaitForProcess-Process[pid=22060, exitValue="not exited"]]  TRACE o.t.s.o.z.e.stream.PumpStreamHandler - Flushing output stream credentials not found in native keychain
...
2024-03-20 20:10:36.876 [WaitForProcess-Process[pid=22060, exitValue="not exited"]]  TRACE o.t.s.o.z.e.stream.PumpStreamHandler - Flushing error stream org.testcontainers.shaded.org.zeroturnaround.exec.stream.NullOutputStream@b8a9ba2...
2024-03-20 20:10:36.876 [Test worker]  DEBUG o.t.s.o.z.exec.ProcessExecutor - Executing [docker-credential-desktop, get].
2024-03-20 20:10:36.879 [Test worker]  DEBUG o.t.s.o.z.exec.ProcessExecutor - Started Process[pid=22064, exitValue="not exited"]
2024-03-20 20:10:36.879 [Thread-6]  TRACE o.t.s.o.z.exec.stream.StreamPumper - org.testcontainers.shaded.org.zeroturnaround.exec.stream.StreamPumper@7296660e started.
2024-03-20 20:10:36.879 [Thread-6]  TRACE o.t.s.o.z.exec.stream.StreamPumper - org.testcontainers.shaded.org.zeroturnaround.exec.stream.StreamPumper@7296660e finished.
2024-03-20 20:10:36.879 [Thread-7]  TRACE o.t.s.o.z.exec.stream.StreamPumper - org.testcontainers.shaded.org.zeroturnaround.exec.stream.StreamPumper@72e510fe started.
2024-03-20 20:10:36.897 [Thread-7]  TRACE o.t.s.o.z.exec.stream.StreamPumper - org.testcontainers.shaded.org.zeroturnaround.exec.stream.StreamPumper@72e510fe finished.
2024-03-20 20:10:36.898 [WaitForProcess-Process[pid=22064, exitValue="not exited"]]  DEBUG o.t.s.o.z.exec.WaitForProcess - Process[pid=22064, exitValue=1] stopped with exit code 1
2024-03-20 20:10:36.898 [WaitForProcess-Process[pid=22064, exitValue="not exited"]]  TRACE o.t.s.o.z.e.stream.PumpStreamHandler - Joining input thread Thread[#41,Thread-6,5,]...
2024-03-20 20:10:36.898 [WaitForProcess-Process[pid=22064, exitValue="not exited"]]  TRACE o.t.s.o.z.e.stream.PumpStreamHandler - Joining output thread Thread[#42,Thread-7,5,]...
2024-03-20 20:10:36.898 [WaitForProcess-Process[pid=22064, exitValue="not exited"]]  TRACE o.t.s.o.z.e.stream.PumpStreamHandler - Flushing output stream credentials not found in native keychain
...
2024-03-20 20:10:36.898 [WaitForProcess-Process[pid=22064, exitValue="not exited"]]  TRACE o.t.s.o.z.e.stream.PumpStreamHandler - Flushing error stream org.testcontainers.shaded.org.zeroturnaround.exec.stream.NullOutputStream@b8a9ba2...
2024-03-20 20:10:36.898 [Test worker]  DEBUG o.t.utility.RegistryAuthLocator - Got credentials not found error message from docker credential helper - credentials not found in native keychain
2024-03-20 20:10:36.898 [Test worker]  INFO  o.t.utility.RegistryAuthLocator - Credential helper/store (docker-credential-desktop) does not have credentials for gcr.io
2024-03-20 20:10:36.898 [Test worker]  DEBUG o.t.utility.RegistryAuthLocator - No matching Auth Configs - falling back to defaultAuthConfig [null]
2024-03-20 20:10:36.898 [Test worker]  DEBUG o.t.d.AuthDelegatingDockerClientConfig - Effective auth config [null]
2024-03-20 20:10:36.901 [Test worker]  TRACE o.t.s.c.g.d.c.exec.PullImageCmdExec - POST: DefaultWebTarget{path=[/images/create], queryParams={fromImage=[gcr.io/google.com/cloudsdktool/google-cloud-cli], tag=[441.0.0-emulators]}}
2024-03-20 20:10:36.904 [docker-java-stream-1681795290]  DEBUG c.g.d.z.s.o.a.h.c.h.i.c.InternalHttpClient - ex-00000005: preparing request execution
2024-03-20 20:10:36.904 [docker-java-stream-1681795290]  DEBUG c.g.d.z.s.o.a.h.c.h.p.RequestAddCookies - Cookie spec selected: strict
2024-03-20 20:10:36.904 [docker-java-stream-1681795290]  DEBUG c.g.d.z.s.o.a.h.c.h.p.RequestAuthCache - Auth cache not set in the context
2024-03-20 20:10:36.904 [docker-java-stream-1681795290]  DEBUG c.g.d.z.s.o.a.h.c.h.i.c.ProtocolExec - ex-00000005: target auth state: UNCHALLENGED
2024-03-20 20:10:36.904 [docker-java-stream-1681795290]  DEBUG c.g.d.z.s.o.a.h.c.h.i.c.ProtocolExec - ex-00000005: proxy auth state: UNCHALLENGED
2024-03-20 20:10:36.904 [docker-java-stream-1681795290]  DEBUG c.g.d.z.s.o.a.h.c.h.i.c.ConnectExec - ex-00000005: acquiring connection with route {}->http://127.0.0.1:62197
2024-03-20 20:10:36.904 [docker-java-stream-1681795290]  DEBUG c.g.d.z.s.o.a.h.c.h.i.c.InternalHttpClient - ex-00000005: acquiring endpoint (3 MINUTES)
2024-03-20 20:10:36.904 [docker-java-stream-1681795290]  DEBUG c.g.d.z.s.o.a.h.c.h.i.i.PoolingHttpClientConnectionManager - ex-00000005: endpoint lease request (3 MINUTES) [route: {}->http://127.0.0.1:62197][total available: 1; route allocated: 1 of 2147483647; total allocated: 1 of 2147483647]
2024-03-20 20:10:36.904 [docker-java-stream-1681795290]  DEBUG c.g.d.z.s.o.a.h.c.h.i.i.PoolingHttpClientConnectionManager - ex-00000005: endpoint leased [route: {}->http://127.0.0.1:62197][total available: 0; route allocated: 1 of 2147483647; total allocated: 1 of 2147483647]
2024-03-20 20:10:36.904 [docker-java-stream-1681795290]  DEBUG c.g.d.z.s.o.a.h.c.h.i.i.PoolingHttpClientConnectionManager - ex-00000005: acquired ep-00000004
2024-03-20 20:10:36.904 [docker-java-stream-1681795290]  DEBUG c.g.d.z.s.o.a.h.c.h.i.c.InternalHttpClient - ex-00000005: acquired endpoint ep-00000004
2024-03-20 20:10:36.905 [docker-java-stream-1681795290]  DEBUG c.g.d.z.s.o.a.h.c.h.i.c.MainClientExec - ex-00000005: executing POST /v1.32/images/create?fromImage=gcr.io%2Fgoogle.com%2Fcloudsdktool%2Fgoogle-cloud-cli&tag=441.0.0-emulators HTTP/1.1
2024-03-20 20:10:36.905 [docker-java-stream-1681795290]  DEBUG c.g.d.z.s.o.a.h.c.h.i.c.InternalHttpClient - ep-00000004: start execution ex-00000005
2024-03-20 20:10:36.905 [docker-java-stream-1681795290]  DEBUG c.g.d.z.s.o.a.h.c.h.i.i.PoolingHttpClientConnectionManager - ep-00000004: executing exchange ex-00000005 over http-outgoing-0
2024-03-20 20:10:36.905 [docker-java-stream-1681795290]  DEBUG c.g.d.z.s.o.a.h.client5.http.headers - http-outgoing-0 >> POST /v1.32/images/create?fromImage=gcr.io%2Fgoogle.com%2Fcloudsdktool%2Fgoogle-cloud-cli&tag=441.0.0-emulators HTTP/1.1
2024-03-20 20:10:36.905 [docker-java-stream-1681795290]  DEBUG c.g.d.z.s.o.a.h.client5.http.headers - http-outgoing-0 >> accept: application/octet-stream
2024-03-20 20:10:36.905 [docker-java-stream-1681795290]  DEBUG c.g.d.z.s.o.a.h.client5.http.headers - http-outgoing-0 >> content-type: application/json
2024-03-20 20:10:36.905 [docker-java-stream-1681795290]  DEBUG c.g.d.z.s.o.a.h.client5.http.headers - http-outgoing-0 >> x-tc-sid: f9061f9f-f631-469c-a1b7-e8c8c32eacbb
2024-03-20 20:10:36.905 [docker-java-stream-1681795290]  DEBUG c.g.d.z.s.o.a.h.client5.http.headers - http-outgoing-0 >> User-Agent: tc-java/1.19.7
2024-03-20 20:10:36.905 [docker-java-stream-1681795290]  DEBUG c.g.d.z.s.o.a.h.client5.http.headers - http-outgoing-0 >> Accept-Encoding: gzip, x-gzip, deflate
2024-03-20 20:10:36.905 [docker-java-stream-1681795290]  DEBUG c.g.d.z.s.o.a.h.client5.http.headers - http-outgoing-0 >> Host: 127.0.0.1:62197
2024-03-20 20:10:36.905 [docker-java-stream-1681795290]  DEBUG c.g.d.z.s.o.a.h.client5.http.headers - http-outgoing-0 >> Connection: keep-alive
2024-03-20 20:10:36.905 [docker-java-stream-1681795290]  DEBUG c.g.d.z.s.o.a.hc.client5.http.wire - http-outgoing-0 >> "POST /v1.32/images/create?fromImage=gcr.io%2Fgoogle.com%2Fcloudsdktool%2Fgoogle-cloud-cli&tag=441.0.0-emulators HTTP/1.1[\r][\n]"
2024-03-20 20:10:36.905 [docker-java-stream-1681795290]  DEBUG c.g.d.z.s.o.a.hc.client5.http.wire - http-outgoing-0 >> "accept: application/octet-stream[\r][\n]"
2024-03-20 20:10:36.905 [docker-java-stream-1681795290]  DEBUG c.g.d.z.s.o.a.hc.client5.http.wire - http-outgoing-0 >> "content-type: application/json[\r][\n]"
2024-03-20 20:10:36.905 [docker-java-stream-1681795290]  DEBUG c.g.d.z.s.o.a.hc.client5.http.wire - http-outgoing-0 >> "x-tc-sid: f9061f9f-f631-469c-a1b7-e8c8c32eacbb[\r][\n]"
2024-03-20 20:10:36.905 [docker-java-stream-1681795290]  DEBUG c.g.d.z.s.o.a.hc.client5.http.wire - http-outgoing-0 >> "User-Agent: tc-java/1.19.7[\r][\n]"
2024-03-20 20:10:36.905 [docker-java-stream-1681795290]  DEBUG c.g.d.z.s.o.a.hc.client5.http.wire - http-outgoing-0 >> "Accept-Encoding: gzip, x-gzip, deflate[\r][\n]"
2024-03-20 20:10:36.905 [docker-java-stream-1681795290]  DEBUG c.g.d.z.s.o.a.hc.client5.http.wire - http-outgoing-0 >> "Host: 127.0.0.1:62197[\r][\n]"
2024-03-20 20:10:36.905 [docker-java-stream-1681795290]  DEBUG c.g.d.z.s.o.a.hc.client5.http.wire - http-outgoing-0 >> "Connection: keep-alive[\r][\n]"
2024-03-20 20:10:36.905 [docker-java-stream-1681795290]  DEBUG c.g.d.z.s.o.a.hc.client5.http.wire - http-outgoing-0 >> "[\r][\n]"
2024-03-20 20:10:37.720 [docker-java-stream-1681795290]  DEBUG c.g.d.z.s.o.a.hc.client5.http.wire - http-outgoing-0 << "HTTP/1.1 200 OK[\r][\n]"
2024-03-20 20:10:37.722 [docker-java-stream-1681795290]  DEBUG c.g.d.z.s.o.a.hc.client5.http.wire - http-outgoing-0 << "Api-Version: 1.44[\r][\n]"
2024-03-20 20:10:37.722 [docker-java-stream-1681795290]  DEBUG c.g.d.z.s.o.a.hc.client5.http.wire - http-outgoing-0 << "Content-Type: application/json[\r][\n]"
2024-03-20 20:10:37.722 [docker-java-stream-1681795290]  DEBUG c.g.d.z.s.o.a.hc.client5.http.wire - http-outgoing-0 << "Date: Wed, 20 Mar 2024 19:10:37 GMT[\r][\n]"
2024-03-20 20:10:37.722 [docker-java-stream-1681795290]  DEBUG c.g.d.z.s.o.a.hc.client5.http.wire - http-outgoing-0 << "Docker-Experimental: false[\r][\n]"
2024-03-20 20:10:37.722 [docker-java-stream-1681795290]  DEBUG c.g.d.z.s.o.a.hc.client5.http.wire - http-outgoing-0 << "Ostype: linux[\r][\n]"
2024-03-20 20:10:37.723 [docker-java-stream-1681795290]  DEBUG c.g.d.z.s.o.a.hc.client5.http.wire - http-outgoing-0 << "Server: Docker/80+testcontainerscloud (linux)[\r][\n]"
2024-03-20 20:10:37.723 [docker-java-stream-1681795290]  DEBUG c.g.d.z.s.o.a.hc.client5.http.wire - http-outgoing-0 << "Transfer-Encoding: chunked[\r][\n]"
2024-03-20 20:10:37.723 [docker-java-stream-1681795290]  DEBUG c.g.d.z.s.o.a.hc.client5.http.wire - http-outgoing-0 << "[\r][\n]"
2024-03-20 20:10:37.723 [docker-java-stream-1681795290]  DEBUG c.g.d.z.s.o.a.hc.client5.http.wire - http-outgoing-0 << "200[\r][\n]"
2024-03-20 20:10:37.723 [docker-java-stream-1681795290]  DEBUG c.g.d.z.s.o.a.hc.client5.http.wire - http-outgoing-0 << "{"status":"Pulling from google.com/cloudsdktool/google-cloud-cli","id":"441.0.0-emulators"}[\r][\n]"
2024-03-20 20:10:37.723 [docker-java-stream-1681795290]  DEBUG c.g.d.z.s.o.a.hc.client5.http.wire - http-outgoing-0 << "{"status":"Pulling fs layer","progressDetail":{},"id":"1d5252f66ea9"}[\r][\n]"
2024-03-20 20:10:37.723 [docker-java-stream-1681795290]  DEBUG c.g.d.z.s.o.a.hc.client5.http.wire - http-outgoing-0 << "{"status":"Pulling fs layer","progressDetail":{},"id":"e48a042e7c27"}[\r][\n]"
2024-03-20 20:10:37.724 [docker-java-stream-1681795290]  DEBUG c.g.d.z.s.o.a.hc.client5.http.wire - http-outgoing-0 << "{"status":"Pulling fs layer","progressDetail":{},"id":"d33395b234dd"}[\r][\n]"
2024-03-20 20:10:37.724 [docker-java-stream-1681795290]  DEBUG c.g.d.z.s.o.a.hc.client5.http.wire - http-outgoing-0 << "{"status":"Pulling fs layer","progressDetail":{},"id":"9ea0111be7d4"}[\r][\n]"
2024-03-20 20:10:37.724 [docker-java-stream-1681795290]  DEBUG c.g.d.z.s.o.a.hc.client5.http.wire - http-outgoing-0 << "{"status":"Pulling fs layer","progressDetail":{},"id":"4f4fb700ef54"}[\r][\n]"
2024-03-20 20:10:37.724 [docker-java-stream-1681795290]  DEBUG c.g.d.z.s.o.a.hc.client5.http.wire - http-outgoing-0 << "{"status":"Pulling fs layer","progressDetail":{},"id":"380de230a[\r][\n]"
2024-03-20 20:10:37.725 [docker-java-stream-1681795290]  DEBUG c.g.d.z.s.o.a.h.client5.http.headers - http-outgoing-0 << HTTP/1.1 200 OK
2024-03-20 20:10:37.726 [docker-java-stream-1681795290]  DEBUG c.g.d.z.s.o.a.h.client5.http.headers - http-outgoing-0 << Api-Version: 1.44
2024-03-20 20:10:37.727 [docker-java-stream-1681795290]  DEBUG c.g.d.z.s.o.a.h.client5.http.headers - http-outgoing-0 << Content-Type: application/json
2024-03-20 20:10:37.727 [docker-java-stream-1681795290]  DEBUG c.g.d.z.s.o.a.h.client5.http.headers - http-outgoing-0 << Date: Wed, 20 Mar 2024 19:10:37 GMT
2024-03-20 20:10:37.727 [docker-java-stream-1681795290]  DEBUG c.g.d.z.s.o.a.h.client5.http.headers - http-outgoing-0 << Docker-Experimental: false
2024-03-20 20:10:37.727 [docker-java-stream-1681795290]  DEBUG c.g.d.z.s.o.a.h.client5.http.headers - http-outgoing-0 << Ostype: linux
2024-03-20 20:10:37.727 [docker-java-stream-1681795290]  DEBUG c.g.d.z.s.o.a.h.client5.http.headers - http-outgoing-0 << Server: Docker/80+testcontainerscloud (linux)
2024-03-20 20:10:37.727 [docker-java-stream-1681795290]  DEBUG c.g.d.z.s.o.a.h.client5.http.headers - http-outgoing-0 << Transfer-Encoding: chunked
2024-03-20 20:10:37.728 [docker-java-stream-1681795290]  DEBUG c.g.d.z.s.o.a.h.c.h.i.c.MainClientExec - ex-00000005: connection can be kept alive for 3 MINUTES
2024-03-20 20:10:37.734 [docker-java-stream-1681795290]  INFO  t.g.i.c.0.0-emulators - Starting to pull image
2024-03-20 20:10:37.748 [docker-java-stream-1681795290]  DEBUG c.g.d.a.c.PullImageResultCallback - ResponseItem(stream=null, status=Pulling from google.com/cloudsdktool/google-cloud-cli, progressDetail=null, progress=null, id=441.0.0-emulators, from=null, time=null, errorDetail=null, error=null, aux=null)
2024-03-20 20:10:37.753 [docker-java-stream-1681795290]  INFO  t.g.i.c.0.0-emulators - Pulling image layers:  0 pending,  0 downloaded,  0 extracted, (0 bytes/0 bytes)
2024-03-20 20:10:37.754 [docker-java-stream-1681795290]  DEBUG c.g.d.a.c.PullImageResultCallback - ResponseItem(stream=null, status=Pulling fs layer, progressDetail=ResponseItem.ProgressDetail(current=null, total=null, start=null), progress=null, id=1d5252f66ea9, from=null, time=null, errorDetail=null, error=null, aux=null)
2024-03-20 20:10:37.754 [docker-java-stream-1681795290]  DEBUG c.g.d.a.c.PullImageResultCallback - ResponseItem(stream=null, status=Pulling fs layer, progressDetail=ResponseItem.ProgressDetail(current=null, total=null, start=null), progress=null, id=e48a042e7c27, from=null, time=null, errorDetail=null, error=null, aux=null)
2024-03-20 20:10:37.754 [docker-java-stream-1681795290]  DEBUG c.g.d.a.c.PullImageResultCallback - ResponseItem(stream=null, status=Pulling fs layer, progressDetail=ResponseItem.ProgressDetail(current=null, total=null, start=null), progress=null, id=d33395b234dd, from=null, time=null, errorDetail=null, error=null, aux=null)
2024-03-20 20:10:37.755 [docker-java-stream-1681795290]  DEBUG c.g.d.a.c.PullImageResultCallback - ResponseItem(stream=null, status=Pulling fs layer, progressDetail=ResponseItem.ProgressDetail(current=null, total=null, start=null), progress=null, id=9ea0111be7d4, from=null, time=null, errorDetail=null, error=null, aux=null)
2024-03-20 20:10:37.755 [docker-java-stream-1681795290]  DEBUG c.g.d.a.c.PullImageResultCallback - ResponseItem(stream=null, status=Pulling fs layer, progressDetail=ResponseItem.ProgressDetail(current=null, total=null, start=null), progress=null, id=4f4fb700ef54, from=null, time=null, errorDetail=null, error=null, aux=null)
2024-03-20 20:10:39.967 [docker-java-stream-1681795290]  DEBUG c.g.d.z.s.o.a.hc.client5.http.wire - http-outgoing-0 << "800[\r][\n]"
2024-03-20 20:10:39.968 [docker-java-stream-1681795290]  DEBUG c.g.d.z.s.o.a.hc.client5.http.wire - http-outgoing-0 << "060"}[\r][\n]"
2024-03-20 20:10:39.968 [docker-java-stream-1681795290]  DEBUG c.g.d.z.s.o.a.hc.client5.http.wire - http-outgoing-0 << "{"status":"Pulling fs layer","progressDetail":{},"id":"0b2070474037"}[\r][\n]"
2024-03-20 20:10:39.968 [docker-java-stream-1681795290]  DEBUG c.g.d.z.s.o.a.hc.client5.http.wire - http-outgoing-0 << "{"status":"Waiting","progressDetail":{},"id":"4f4fb700ef54"}[\r][\n]"
2024-03-20 20:10:39.968 [docker-java-stream-1681795290]  DEBUG c.g.d.z.s.o.a.hc.client5.http.wire - http-outgoing-0 << "{"status":"Waiting","progressDetail":{},"id":"380de230a060"}[\r][\n]"
2024-03-20 20:10:39.968 [docker-java-stream-1681795290]  DEBUG c.g.d.z.s.o.a.hc.client5.http.wire - http-outgoing-0 << "{"status":"Waiting","progressDetail":{},"id":"0b2070474037"}[\r][\n]"
2024-03-20 20:10:39.969 [docker-java-stream-1681795290]  DEBUG c.g.d.z.s.o.a.hc.client5.http.wire - http-outgoing-0 << "{"status":"Downloading","progressDetail":{"current":186,"total":186},"progress":"[==================================================\u003e]     186B/186B","id":"d33395b234dd"}[\r][\n]"
2024-03-20 20:10:39.969 [docker-java-stream-1681795290]  DEBUG c.g.d.z.s.o.a.hc.client5.http.wire - http-outgoing-0 << "{"status":"Verifying Checksum","progressDetail":{},"id":"d33395b234dd"}[\r][\n]"
2024-03-20 20:10:39.969 [docker-java-stream-1681795290]  DEBUG c.g.d.z.s.o.a.hc.client5.http.wire - http-outgoing-0 << "{"status":"Download complete","progressDetail":{},"id":"d33395b234dd"}[\r][\n]"
2024-03-20 20:10:39.969 [docker-java-stream-1681795290]  DEBUG c.g.d.z.s.o.a.hc.client5.http.wire - http-outgoing-0 << "{"status":"Downloading","progressDetail":{"current":194,"total":194},"progress":"[==================================================\u003e]     194B/194B","id":"9ea0111be7d4"}[\r][\n]"
2024-03-20 20:10:39.969 [docker-java-stream-1681795290]  DEBUG c.g.d.z.s.o.a.hc.client5.http.wire - http-outgoing-0 << "{"status":"Verifying Checksum","progressDetail":{},"id":"9ea0111be7d4"}[\r][\n]"
2024-03-20 20:10:39.969 [docker-java-stream-1681795290]  DEBUG c.g.d.z.s.o.a.hc.client5.http.wire - http-outgoing-0 << "{"status":"Download complete","progressDetail":{},"id":"9ea0111be7d4"}[\r][\n]"
2024-03-20 20:10:39.969 [docker-java-stream-1681795290]  DEBUG c.g.d.z.s.o.a.hc.client5.http.wire - http-outgoing-0 << "{"status":"Downloading","progressDetail":{"current":941,"total":3989},"progress":"[===========\u003e                                       ]     941B/3.989kB","id":"e48a042e7c27"}[\r][\n]"
2024-03-20 20:10:39.969 [docker-java-stream-1681795290]  DEBUG c.g.d.z.s.o.a.hc.client5.http.wire - http-outgoing-0 << "{"status":"Downloading","progressDetail":{"current":3989,"total":3989},"progress":"[==================================================\u003e]  3.989kB/3.989kB","id":"e48a042e7c27"}[\r][\n]"
2024-03-20 20:10:39.969 [docker-java-stream-1681795290]  DEBUG c.g.d.z.s.o.a.hc.client5.http.wire - http-outgoing-0 << "{"status":"Verifying Checksum","progressDetail":{},"id":"e48a042e7c27"}[\r][\n]"
2024-03-20 20:10:39.969 [docker-java-stream-1681795290]  DEBUG c.g.d.z.s.o.a.hc.client5.http.wire - http-outgoing-0 << "{"status":"Download complete","progressDetail":{},"id":"e48a042e7c27"}[\r][\n]"
2024-03-20 20:10:39.969 [docker-java-stream-1681795290]  DEBUG c.g.d.z.s.o.a.hc.client5.http.wire - http-outgoing-0 << "{"status":"Downloading","progressDetail":{"current":32,"total":32},"progress":"[==================================================\u003e]      32B/32B","id":"4f4fb700ef54"}[\r][\n]"
2024-03-20 20:10:39.969 [docker-java-stream-1681795290]  DEBUG c.g.d.z.s.o.a.hc.client5.http.wire - http-outgoing-0 << "{"status":"Verifying Checksum","progressDetail":{},"id":"4f4fb700ef54"}[\r][\n]"
2024-03-20 20:10:39.969 [docker-java-stream-1681795290]  DEBUG c.g.d.z.s.o.a.hc.client5.http.wire - http-outgoing-0 << "{"status":"Download complete","progressDetail":{},"id":"4f4fb700ef54"}[\r][\n]"
2024-03-20 20:10:39.969 [docker-java-stream-1681795290]  DEBUG c.g.d.z.s.o.a.hc.client5.http.wire - http-outgoing-0 << "{"status":"Downloading","progressDetail":{"current":135,"total":135},"progress":"[==================================================\u003e]     135B/135B","id":"380de230a060"}[\r][\n]"
2024-03-20 20:10:39.969 [docker-java-stream-1681795290]  DEBUG c.g.d.z.s.o.a.hc.client5.http.wire - http-outgoing-0 << "{"status":"Verifying Checksum","progressDetail":{},"id":"380de230a060"}[\r][\n]"
2024-03-20 20:10:39.969 [docker-java-stream-1681795290]  DEBUG c.g.d.z.s.o.a.hc.client5.http.wire - http-outgoing-0 << "{"status":"Download complete","progressDetail":{},"id":"380de23[\r][\n]"
2024-03-20 20:10:39.969 [docker-java-stream-1681795290]  DEBUG c.g.d.z.s.o.a.hc.client5.http.wire - http-outgoing-0 << "800[\r][\n]"
2024-03-20 20:10:39.969 [docker-java-stream-1681795290]  DEBUG c.g.d.z.s.o.a.hc.client5.http.wire - http-outgoing-0 << "0a060"}[\r][\n]"
[...]
2024-03-20 20:11:15.176 [docker-java-stream--2103901052]  DEBUG c.g.d.z.s.o.a.hc.client5.http.wire - http-outgoing-1 >> "GET /v1.32/containers/f6ccb2dee126c13253e81e8c7d68a6d973c9fcd8d26d12f42e264eedad3cb699/logs?stdout=true&stderr=true&follow=true&since=0 HTTP/1.1[\r][\n]"
2024-03-20 20:11:15.176 [docker-java-stream--2103901052]  DEBUG c.g.d.z.s.o.a.hc.client5.http.wire - http-outgoing-1 >> "x-tc-sid: f9061f9f-f631-469c-a1b7-e8c8c32eacbb[\r][\n]"
2024-03-20 20:11:15.176 [docker-java-stream--2103901052]  DEBUG c.g.d.z.s.o.a.hc.client5.http.wire - http-outgoing-1 >> "User-Agent: tc-java/1.19.7[\r][\n]"
2024-03-20 20:11:15.176 [docker-java-stream--2103901052]  DEBUG c.g.d.z.s.o.a.hc.client5.http.wire - http-outgoing-1 >> "Accept-Encoding: gzip, x-gzip, deflate[\r][\n]"
2024-03-20 20:11:15.176 [docker-java-stream--2103901052]  DEBUG c.g.d.z.s.o.a.hc.client5.http.wire - http-outgoing-1 >> "Host: 127.0.0.1:62197[\r][\n]"
2024-03-20 20:11:15.176 [docker-java-stream--2103901052]  DEBUG c.g.d.z.s.o.a.hc.client5.http.wire - http-outgoing-1 >> "Connection: keep-alive[\r][\n]"
2024-03-20 20:11:15.176 [docker-java-stream--2103901052]  DEBUG c.g.d.z.s.o.a.hc.client5.http.wire - http-outgoing-1 >> "[\r][\n]"
2024-03-20 20:11:15.188 [docker-java-stream--2103901052]  DEBUG c.g.d.z.s.o.a.hc.client5.http.wire - http-outgoing-1 << "HTTP/1.1 200 OK[\r][\n]"
2024-03-20 20:11:15.188 [docker-java-stream--2103901052]  DEBUG c.g.d.z.s.o.a.hc.client5.http.wire - http-outgoing-1 << "Api-Version: 1.44[\r][\n]"
2024-03-20 20:11:15.188 [docker-java-stream--2103901052]  DEBUG c.g.d.z.s.o.a.hc.client5.http.wire - http-outgoing-1 << "Content-Type: application/vnd.docker.raw-stream[\r][\n]"
2024-03-20 20:11:15.188 [docker-java-stream--2103901052]  DEBUG c.g.d.z.s.o.a.hc.client5.http.wire - http-outgoing-1 << "Date: Wed, 20 Mar 2024 19:11:15 GMT[\r][\n]"
2024-03-20 20:11:15.188 [docker-java-stream--2103901052]  DEBUG c.g.d.z.s.o.a.hc.client5.http.wire - http-outgoing-1 << "Docker-Experimental: false[\r][\n]"
2024-03-20 20:11:15.188 [docker-java-stream--2103901052]  DEBUG c.g.d.z.s.o.a.hc.client5.http.wire - http-outgoing-1 << "Ostype: linux[\r][\n]"
2024-03-20 20:11:15.188 [docker-java-stream--2103901052]  DEBUG c.g.d.z.s.o.a.hc.client5.http.wire - http-outgoing-1 << "Server: Docker/80+testcontainerscloud (linux)[\r][\n]"
2024-03-20 20:11:15.188 [docker-java-stream--2103901052]  DEBUG c.g.d.z.s.o.a.hc.client5.http.wire - http-outgoing-1 << "Transfer-Encoding: chunked[\r][\n]"
2024-03-20 20:11:15.188 [docker-java-stream--2103901052]  DEBUG c.g.d.z.s.o.a.hc.client5.http.wire - http-outgoing-1 << "[\r][\n]"
2024-03-20 20:11:15.188 [docker-java-stream--2103901052]  DEBUG c.g.d.z.s.o.a.h.client5.http.headers - http-outgoing-1 << HTTP/1.1 200 OK
2024-03-20 20:11:15.188 [docker-java-stream--2103901052]  DEBUG c.g.d.z.s.o.a.h.client5.http.headers - http-outgoing-1 << Api-Version: 1.44
2024-03-20 20:11:15.188 [docker-java-stream--2103901052]  DEBUG c.g.d.z.s.o.a.h.client5.http.headers - http-outgoing-1 << Content-Type: application/vnd.docker.raw-stream
2024-03-20 20:11:15.188 [docker-java-stream--2103901052]  DEBUG c.g.d.z.s.o.a.h.client5.http.headers - http-outgoing-1 << Date: Wed, 20 Mar 2024 19:11:15 GMT
2024-03-20 20:11:15.188 [docker-java-stream--2103901052]  DEBUG c.g.d.z.s.o.a.h.client5.http.headers - http-outgoing-1 << Docker-Experimental: false
2024-03-20 20:11:15.188 [docker-java-stream--2103901052]  DEBUG c.g.d.z.s.o.a.h.client5.http.headers - http-outgoing-1 << Ostype: linux
2024-03-20 20:11:15.188 [docker-java-stream--2103901052]  DEBUG c.g.d.z.s.o.a.h.client5.http.headers - http-outgoing-1 << Server: Docker/80+testcontainerscloud (linux)
2024-03-20 20:11:15.188 [docker-java-stream--2103901052]  DEBUG c.g.d.z.s.o.a.h.client5.http.headers - http-outgoing-1 << Transfer-Encoding: chunked
2024-03-20 20:11:15.188 [docker-java-stream--2103901052]  DEBUG c.g.d.z.s.o.a.h.c.h.i.c.MainClientExec - ex-00000012: connection can be kept alive for 3 MINUTES
2024-03-20 20:11:17.518 [docker-java-stream--2103901052]  DEBUG c.g.d.z.s.o.a.hc.client5.http.wire - http-outgoing-1 << "81[\r][\n]"
2024-03-20 20:11:17.519 [docker-java-stream--2103901052]  DEBUG c.g.d.z.s.o.a.hc.client5.http.wire - http-outgoing-1 << "[0x2][0x0][0x0][0x0][0x0][0x0][0x0]yExecuting: /google-cloud-sdk/platform/cloud-firestore-emulator/cloud_firestore_emulator start --host=0.0.0.0 --port=8080[\n]"
2024-03-20 20:11:17.519 [docker-java-stream--2103901052]  DEBUG c.g.d.z.s.o.a.hc.client5.http.wire - http-outgoing-1 << "[\r][\n]"
2024-03-20 20:11:17.523 [Test worker]  DEBUG o.t.c.output.WaitingConsumer - STDERR: Executing: /google-cloud-sdk/platform/cloud-firestore-emulator/cloud_firestore_emulator start --host=0.0.0.0 --port=8080
2024-03-20 20:11:18.573 [docker-java-stream--2103901052]  DEBUG c.g.d.z.s.o.a.hc.client5.http.wire - http-outgoing-1 << "7a[\r][\n]"
2024-03-20 20:11:18.574 [docker-java-stream--2103901052]  DEBUG c.g.d.z.s.o.a.hc.client5.http.wire - http-outgoing-1 << "[0x2][0x0][0x0][0x0][0x0][0x0][0x0]r[firestore] Mar 20, 2024 7:11:18 PM com.google.cloud.datastore.emulator.firestore.websocket.WebSocketServer start[\n]"
2024-03-20 20:11:18.574 [docker-java-stream--2103901052]  DEBUG c.g.d.z.s.o.a.hc.client5.http.wire - http-outgoing-1 << "[\r][\n]"
2024-03-20 20:11:18.575 [Test worker]  DEBUG o.t.c.output.WaitingConsumer - STDERR: [firestore] Mar 20, 2024 7:11:18 PM com.google.cloud.datastore.emulator.firestore.websocket.WebSocketServer start
2024-03-20 20:11:18.582 [docker-java-stream--2103901052]  DEBUG c.g.d.z.s.o.a.hc.client5.http.wire - http-outgoing-1 << "1a8[\r][\n]"
2024-03-20 20:11:18.582 [docker-java-stream--2103901052]  DEBUG c.g.d.z.s.o.a.hc.client5.http.wire - http-outgoing-1 << "[0x2][0x0][0x0][0x0][0x0][0x0][0x0]A[firestore] INFO: Started WebSocket server on ws://0.0.0.0:45185[\n]"
2024-03-20 20:11:18.582 [docker-java-stream--2103901052]  DEBUG c.g.d.z.s.o.a.hc.client5.http.wire - http-outgoing-1 << "[0x2][0x0][0x0][0x0][0x0][0x0][0x0].[firestore] API endpoint: http://0.0.0.0:8080[\n]"
2024-03-20 20:11:18.582 [docker-java-stream--2103901052]  DEBUG c.g.d.z.s.o.a.hc.client5.http.wire - http-outgoing-1 << "[0x2][0x0][0x0][0x0][0x0][0x0][0x0]l[firestore] If you are using a library that supports the FIRESTORE_EMULATOR_HOST environment variable, run:[\n]"
2024-03-20 20:11:18.582 [docker-java-stream--2103901052]  DEBUG c.g.d.z.s.o.a.hc.client5.http.wire - http-outgoing-1 << "[0x2][0x0][0x0][0x0][0x0][0x0][0x0][\r][firestore] [\n]"
2024-03-20 20:11:18.582 [docker-java-stream--2103901052]  DEBUG c.g.d.z.s.o.a.hc.client5.http.wire - http-outgoing-1 << "[0x2][0x0][0x0][0x0][0x0][0x0][0x0];[firestore]    export FIRESTORE_EMULATOR_HOST=0.0.0.0:8080[\n]"
2024-03-20 20:11:18.582 [docker-java-stream--2103901052]  DEBUG c.g.d.z.s.o.a.hc.client5.http.wire - http-outgoing-1 << "[0x2][0x0][0x0][0x0][0x0][0x0][0x0][\r][firestore] [\n]"
2024-03-20 20:11:18.582 [docker-java-stream--2103901052]  DEBUG c.g.d.z.s.o.a.hc.client5.http.wire - http-outgoing-1 << "[0x2][0x0][0x0][0x0][0x0][0x0][0x0]+[firestore] Dev App Server is now running.[\n]"
2024-03-20 20:11:18.582 [docker-java-stream--2103901052]  DEBUG c.g.d.z.s.o.a.hc.client5.http.wire - http-outgoing-1 << "[0x2][0x0][0x0][0x0][0x0][0x0][0x0][\r][firestore] [\n]"
2024-03-20 20:11:18.582 [docker-java-stream--2103901052]  DEBUG c.g.d.z.s.o.a.hc.client5.http.wire - http-outgoing-1 << "[\r][\n]"
2024-03-20 20:11:18.588 [Test worker]  DEBUG o.t.c.output.WaitingConsumer - STDERR: [firestore] 
2024-03-20 20:11:18.588 [Test worker]  DEBUG o.t.c.output.WaitingConsumer - STDERR: [firestore] Dev App Server is now running.
2024-03-20 20:11:18.588 [Test worker]  DEBUG c.g.d.z.s.o.a.h.c.h.i.c.InternalHttpClient - ep-00000011: cancel
2024-03-20 20:11:18.589 [Test worker]  DEBUG c.g.d.z.s.o.a.h.c.h.i.i.DefaultManagedHttpClientConnection - http-outgoing-1: close connection IMMEDIATE
2024-03-20 20:11:18.589 [Test worker]  DEBUG c.g.d.z.s.o.a.h.c.h.i.c.InternalHttpClient - ep-00000011: endpoint closed
2024-03-20 20:11:18.589 [Test worker]  DEBUG c.g.d.z.s.o.a.h.c.h.i.c.InternalHttpClient - ep-00000011: discarding endpoint
2024-03-20 20:11:18.589 [Test worker]  DEBUG c.g.d.z.s.o.a.h.c.h.i.i.PoolingHttpClientConnectionManager - ep-00000011: releasing endpoint
2024-03-20 20:11:18.589 [Test worker]  DEBUG c.g.d.z.s.o.a.h.c.h.i.i.PoolingHttpClientConnectionManager - ep-00000011: connection is not kept alive
2024-03-20 20:11:18.589 [Test worker]  DEBUG c.g.d.z.s.o.a.h.c.h.i.i.PoolingHttpClientConnectionManager - ep-00000011: connection released [route: {}->http://127.0.0.1:62197][total available: 0; route allocated: 0 of 2147483647; total allocated: 0 of 2147483647]
2024-03-20 20:11:18.590 [docker-java-stream--2103901052]  DEBUG c.g.d.z.s.o.a.hc.client5.http.wire - http-outgoing-1 << "[read] I/O error: Socket closed"
2024-03-20 20:11:18.590 [docker-java-stream--2103901052]  DEBUG c.g.d.z.s.o.a.hc.client5.http.wire - http-outgoing-1 << "[read] I/O error: Socket closed"
2024-03-20 20:11:18.591 [Test worker]  DEBUG c.g.d.z.s.o.a.hc.client5.http.wire - http-outgoing-1 << "[read] I/O error: Socket closed"
2024-03-20 20:11:18.590 [docker-java-stream--2103901052]  DEBUG c.g.d.z.ApacheDockerHttpClientImpl$ApacheResponse - Failed to close the response
java.net.SocketException: Socket closed
	at java.base/sun.nio.ch.NioSocketImpl.ensureOpenAndConnected(NioSocketImpl.java:163)
	at java.base/sun.nio.ch.NioSocketImpl.beginRead(NioSocketImpl.java:226)
	at java.base/sun.nio.ch.NioSocketImpl.implRead(NioSocketImpl.java:294)
	at java.base/sun.nio.ch.NioSocketImpl.read(NioSocketImpl.java:346)
	at java.base/sun.nio.ch.NioSocketImpl$1.read(NioSocketImpl.java:796)
	at java.base/java.net.Socket$SocketInputStream.read(Socket.java:1099)
	at com.github.dockerjava.zerodep.shaded.org.apache.hc.client5.http.impl.io.LoggingInputStream.read(LoggingInputStream.java:81)
	at com.github.dockerjava.zerodep.shaded.org.apache.hc.core5.http.impl.io.SessionInputBufferImpl.fillBuffer(SessionInputBufferImpl.java:149)
	at com.github.dockerjava.zerodep.shaded.org.apache.hc.core5.http.impl.io.SessionInputBufferImpl.readLine(SessionInputBufferImpl.java:280)
	at com.github.dockerjava.zerodep.shaded.org.apache.hc.core5.http.impl.io.ChunkedInputStream.getChunkSize(ChunkedInputStream.java:261)
	at com.github.dockerjava.zerodep.shaded.org.apache.hc.core5.http.impl.io.ChunkedInputStream.nextChunk(ChunkedInputStream.java:222)
	at com.github.dockerjava.zerodep.shaded.org.apache.hc.core5.http.impl.io.ChunkedInputStream.read(ChunkedInputStream.java:147)
	at com.github.dockerjava.zerodep.shaded.org.apache.hc.core5.http.impl.io.ChunkedInputStream.close(ChunkedInputStream.java:314)
	at com.github.dockerjava.zerodep.shaded.org.apache.hc.core5.io.Closer.close(Closer.java:48)
	at com.github.dockerjava.zerodep.shaded.org.apache.hc.core5.http.impl.io.IncomingHttpEntity.close(IncomingHttpEntity.java:111)
	at com.github.dockerjava.zerodep.shaded.org.apache.hc.core5.http.io.entity.HttpEntityWrapper.close(HttpEntityWrapper.java:120)
	at com.github.dockerjava.zerodep.shaded.org.apache.hc.core5.io.Closer.close(Closer.java:48)
	at com.github.dockerjava.zerodep.shaded.org.apache.hc.core5.http.message.BasicClassicHttpResponse.close(BasicClassicHttpResponse.java:93)
	at com.github.dockerjava.zerodep.shaded.org.apache.hc.client5.http.impl.classic.CloseableHttpResponse.close(CloseableHttpResponse.java:200)
	at com.github.dockerjava.zerodep.ApacheDockerHttpClientImpl$ApacheResponse.close(ApacheDockerHttpClientImpl.java:271)
	at org.testcontainers.shaded.com.github.dockerjava.core.DefaultInvocationBuilder.lambda$executeAndStream$1(DefaultInvocationBuilder.java:277)
	at java.base/java.lang.Thread.run(Thread.java:1583)
2024-03-20 20:11:18.591 [Test worker]  DEBUG c.g.d.z.ApacheDockerHttpClientImpl$ApacheResponse - Failed to close the response
java.net.SocketException: Socket closed
	at java.base/sun.nio.ch.NioSocketImpl.ensureOpenAndConnected(NioSocketImpl.java:163)
	at java.base/sun.nio.ch.NioSocketImpl.beginRead(NioSocketImpl.java:226)
	at java.base/sun.nio.ch.NioSocketImpl.implRead(NioSocketImpl.java:294)
	at java.base/sun.nio.ch.NioSocketImpl.read(NioSocketImpl.java:346)
	at java.base/sun.nio.ch.NioSocketImpl$1.read(NioSocketImpl.java:796)
	at java.base/java.net.Socket$SocketInputStream.read(Socket.java:1099)
	at com.github.dockerjava.zerodep.shaded.org.apache.hc.client5.http.impl.io.LoggingInputStream.read(LoggingInputStream.java:81)
	at com.github.dockerjava.zerodep.shaded.org.apache.hc.core5.http.impl.io.SessionInputBufferImpl.fillBuffer(SessionInputBufferImpl.java:149)
	at com.github.dockerjava.zerodep.shaded.org.apache.hc.core5.http.impl.io.SessionInputBufferImpl.readLine(SessionInputBufferImpl.java:280)
	at com.github.dockerjava.zerodep.shaded.org.apache.hc.core5.http.impl.io.ChunkedInputStream.getChunkSize(ChunkedInputStream.java:261)
	at com.github.dockerjava.zerodep.shaded.org.apache.hc.core5.http.impl.io.ChunkedInputStream.nextChunk(ChunkedInputStream.java:222)
	at com.github.dockerjava.zerodep.shaded.org.apache.hc.core5.http.impl.io.ChunkedInputStream.read(ChunkedInputStream.java:147)
	at com.github.dockerjava.zerodep.shaded.org.apache.hc.core5.http.impl.io.ChunkedInputStream.close(ChunkedInputStream.java:314)
	at com.github.dockerjava.zerodep.shaded.org.apache.hc.core5.io.Closer.close(Closer.java:48)
	at com.github.dockerjava.zerodep.shaded.org.apache.hc.core5.http.impl.io.IncomingHttpEntity.close(IncomingHttpEntity.java:111)
	at com.github.dockerjava.zerodep.shaded.org.apache.hc.core5.http.io.entity.HttpEntityWrapper.close(HttpEntityWrapper.java:120)
	at com.github.dockerjava.zerodep.shaded.org.apache.hc.core5.io.Closer.close(Closer.java:48)
	at com.github.dockerjava.zerodep.shaded.org.apache.hc.core5.http.message.BasicClassicHttpResponse.close(BasicClassicHttpResponse.java:93)
	at com.github.dockerjava.zerodep.shaded.org.apache.hc.client5.http.impl.classic.CloseableHttpResponse.close(CloseableHttpResponse.java:200)
	at com.github.dockerjava.zerodep.ApacheDockerHttpClientImpl$ApacheResponse.close(ApacheDockerHttpClientImpl.java:271)
	at org.testcontainers.shaded.com.github.dockerjava.core.DefaultInvocationBuilder.lambda$null$0(DefaultInvocationBuilder.java:272)
	at com.github.dockerjava.api.async.ResultCallbackTemplate.close(ResultCallbackTemplate.java:77)
	at org.testcontainers.containers.output.FrameConsumerResultCallback.close(FrameConsumerResultCallback.java:69)
	at org.testcontainers.containers.wait.strategy.LogMessageWaitStrategy.waitUntilReady(LogMessageWaitStrategy.java:49)
	at org.testcontainers.containers.wait.strategy.AbstractWaitStrategy.waitUntilReady(AbstractWaitStrategy.java:52)
	at org.testcontainers.containers.GenericContainer.waitUntilContainerStarted(GenericContainer.java:909)
	at org.testcontainers.containers.GenericContainer.tryStart(GenericContainer.java:500)
	at org.testcontainers.containers.GenericContainer.lambda$doStart$0(GenericContainer.java:354)
	at org.rnorth.ducttape.unreliables.Unreliables.retryUntilSuccess(Unreliables.java:81)
	at org.testcontainers.containers.GenericContainer.doStart(GenericContainer.java:344)
	at org.testcontainers.containers.GenericContainer.start(GenericContainer.java:330)
	at com.elevaktor.EventStoreTest.Can store and retrieve events(EventStoreTest.kt:16)
	at java.base/jdk.internal.reflect.DirectMethodHandleAccessor.invoke(DirectMethodHandleAccessor.java:103)
	at java.base/java.lang.reflect.Method.invoke(Method.java:580)
	at org.junit.runners.model.FrameworkMethod$1.runReflectiveCall(FrameworkMethod.java:59)
	at org.junit.internal.runners.model.ReflectiveCallable.run(ReflectiveCallable.java:12)
	at org.junit.runners.model.FrameworkMethod.invokeExplosively(FrameworkMethod.java:56)
	at org.junit.internal.runners.statements.InvokeMethod.evaluate(InvokeMethod.java:17)
	at org.junit.runners.ParentRunner$3.evaluate(ParentRunner.java:306)
	at org.junit.runners.BlockJUnit4ClassRunner$1.evaluate(BlockJUnit4ClassRunner.java:100)
	at org.junit.runners.ParentRunner.runLeaf(ParentRunner.java:366)
	at org.junit.runners.BlockJUnit4ClassRunner.runChild(BlockJUnit4ClassRunner.java:103)
	at org.junit.runners.BlockJUnit4ClassRunner.runChild(BlockJUnit4ClassRunner.java:63)
	at org.junit.runners.ParentRunner$4.run(ParentRunner.java:331)
	at org.junit.runners.ParentRunner$1.schedule(ParentRunner.java:79)
	at org.junit.runners.ParentRunner.runChildren(ParentRunner.java:329)
	at org.junit.runners.ParentRunner.access$100(ParentRunner.java:66)
	at org.junit.runners.ParentRunner$2.evaluate(ParentRunner.java:293)
	at org.junit.runners.ParentRunner$3.evaluate(ParentRunner.java:306)
	at org.junit.runners.ParentRunner.run(ParentRunner.java:413)
	at org.gradle.api.internal.tasks.testing.junit.JUnitTestClassExecutor.runTestClass(JUnitTestClassExecutor.java:112)
	at org.gradle.api.internal.tasks.testing.junit.JUnitTestClassExecutor.execute(JUnitTestClassExecutor.java:58)
	at org.gradle.api.internal.tasks.testing.junit.JUnitTestClassExecutor.execute(JUnitTestClassExecutor.java:40)
	at org.gradle.api.internal.tasks.testing.junit.AbstractJUnitTestClassProcessor.processTestClass(AbstractJUnitTestClassProcessor.java:60)
	at org.gradle.api.internal.tasks.testing.SuiteTestClassProcessor.processTestClass(SuiteTestClassProcessor.java:52)
	at java.base/jdk.internal.reflect.DirectMethodHandleAccessor.invoke(DirectMethodHandleAccessor.java:103)
	at java.base/java.lang.reflect.Method.invoke(Method.java:580)
	at org.gradle.internal.dispatch.ReflectionDispatch.dispatch(ReflectionDispatch.java:36)
	at org.gradle.internal.dispatch.ReflectionDispatch.dispatch(ReflectionDispatch.java:24)
	at org.gradle.internal.dispatch.ContextClassLoaderDispatch.dispatch(ContextClassLoaderDispatch.java:33)
	at org.gradle.internal.dispatch.ProxyDispatchAdapter$DispatchingInvocationHandler.invoke(ProxyDispatchAdapter.java:94)
	at jdk.proxy1/jdk.proxy1.$Proxy2.processTestClass(Unknown Source)
	at org.gradle.api.internal.tasks.testing.worker.TestWorker$2.run(TestWorker.java:176)
	at org.gradle.api.internal.tasks.testing.worker.TestWorker.executeAndMaintainThreadName(TestWorker.java:129)
	at org.gradle.api.internal.tasks.testing.worker.TestWorker.execute(TestWorker.java:100)
	at org.gradle.api.internal.tasks.testing.worker.TestWorker.execute(TestWorker.java:60)
	at org.gradle.process.internal.worker.child.ActionExecutionWorker.execute(ActionExecutionWorker.java:56)
	at org.gradle.process.internal.worker.child.SystemApplicationClassLoaderWorker.call(SystemApplicationClassLoaderWorker.java:113)
	at org.gradle.process.internal.worker.child.SystemApplicationClassLoaderWorker.call(SystemApplicationClassLoaderWorker.java:65)
	at worker.org.gradle.process.internal.worker.GradleWorkerMain.run(GradleWorkerMain.java:69)
	at worker.org.gradle.process.internal.worker.GradleWorkerMain.main(GradleWorkerMain.java:74)
2024-03-20 20:11:18.592 [Test worker]  INFO  t.g.i.c.0.0-emulators - Container gcr.io/google.com/cloudsdktool/google-cloud-cli:441.0.0-emulators started in PT4.803501S
2024-03-20 20:11:19.019 [Test worker]  DEBUG o.t.u.PrefixingImageNameSubstitutor - No prefix is configured
2024-03-20 20:11:19.019 [Test worker]  DEBUG o.t.utility.ImageNameSubstitutor - Did not find a substitute image for gcr.io/google.com/cloudsdktool/google-cloud-cli:441.0.0-emulators (using image substitutor: DefaultImageNameSubstitutor (composite of 'ConfigurationFileImageNameSubstitutor' and 'PrefixingImageNameSubstitutor'))
2024-03-20 20:11:24.275 [Test worker]  DEBUG o.t.u.PrefixingImageNameSubstitutor - No prefix is configured
2024-03-20 20:11:24.275 [Test worker]  DEBUG o.t.utility.ImageNameSubstitutor - Did not find a substitute image for gcr.io/google.com/cloudsdktool/google-cloud-cli:441.0.0-emulators (using image substitutor: DefaultImageNameSubstitutor (composite of 'ConfigurationFileImageNameSubstitutor' and 'PrefixingImageNameSubstitutor'))

]]></system-out>
  <system-err><![CDATA[]]></system-err>
</testsuite>
